#
# A fatal error has been detected by the Java Runtime Environment:
#
#  SIGSEGV (0xb) at pc=0x7ce3f654, pid=27753, tid=3062897472
#
# JRE version: 7.0_21-b11
# Java VM: Java HotSpot(TM) Server VM (23.21-b01 mixed mode linux-x86 )
# Problematic frame:
# C  [libnet.so+0x14654]  _fini+0x1d0c
#
# Failed to write core dump. Core dumps have been disabled. To enable core dumping, try "ulimit -c unlimited" before starting Java again
#
# If you would like to submit a bug report, please visit:
#   http://bugreport.sun.com/bugreport/crash.jsp
# The crash happened outside the Java Virtual Machine in native code.
# See problematic frame for where to report the bug.
#

---------------  T H R E A D  ---------------

Current thread (0xb6707000):  JavaThread "main" [_thread_in_native, id=27755, stack(0xb68b1000,0xb6902000)]

siginfo:si_signo=SIGSEGV: si_errno=0, si_code=2 (SEGV_ACCERR), si_addr=0x7ce3f654

Registers:
EAX=0xb6900d28, EBX=0x7ce3f200, ECX=0xb6900d2d, EDX=0x7ce3dd08
ESP=0xb6900c74, EBP=0xb6900dd8, ESI=0xb6900d50, EDI=0x7c601d00
EIP=0x7ce3f654, EFLAGS=0x00010246, CR2=0x7ce3f654

Top of Stack: (sp=0xb6900c74)
0xb6900c74:   7ce3f5d8 000002d8 7ce30011 7c601d00
0xb6900c84:   7ce3dd08 b6900d28 b6900d2d b6900d32
0xb6900c94:   b6900d37 b6900d3c b6900d41 b6900d46
0xb6900ca4:   b6900d4b b6900dbc b6900dc8 b6900dc4
0xb6900cb4:   b6900dc0 b6900d97 00000000 00000000
0xb6900cc4:   00000000 7ce3dcee b6900dac b6900d97
0xb6900cd4:   b6900dc8 b6900dc4 b6900dc0 7ce3dd08
0xb6900ce4:   b6900dbc b6900d28 7c6019a0 b6707128 

Instructions: (pc=0x7ce3f654)
0x7ce3f634:   00 00 00 00 00 00 00 00 00 00 00 00 00 00 00 00
0x7ce3f644:   00 00 00 00 00 00 00 00 00 00 00 00 00 00 00 00
0x7ce3f654:   00 00 00 00 30 34 32 38 20 28 52 65 64 20 48 61
0x7ce3f664:   74 20 34 2e 33 2e 30 2d 38 29 00 00 47 43 43 3a 

Register to memory mapping:

EAX=0xb6900d28 is pointing into the stack for thread: 0xb6707000
EBX=0x7ce3f200: <offset 0x14200> in /usr/lib/jvm/jdk1.7.0/jre/lib/i386/libnet.so at 0x7ce2b000
ECX=0xb6900d2d is pointing into the stack for thread: 0xb6707000
EDX=0x7ce3dd08: <offset 0x12d08> in /usr/lib/jvm/jdk1.7.0/jre/lib/i386/libnet.so at 0x7ce2b000
ESP=0xb6900c74 is pointing into the stack for thread: 0xb6707000
EBP=0xb6900dd8 is pointing into the stack for thread: 0xb6707000
ESI=0xb6900d50 is pointing into the stack for thread: 0xb6707000
EDI=0x7c601d00 is an unknown value


Stack: [0xb68b1000,0xb6902000],  sp=0xb6900c74,  free space=319k
Native frames: (J=compiled Java code, j=interpreted, Vv=VM code, C=native code)
C  [libnet.so+0x14654]  _fini+0x1d0c
C  [libnet.so+0x58b0]  Java_java_net_NetworkInterface_getAll+0x10
j  java.net.NetworkInterface.getAll()[Ljava/net/NetworkInterface;+0
j  java.net.NetworkInterface.getNetworkInterfaces()Ljava/util/Enumeration;+0
j  net.floodlightcontroller.linkdiscovery.internal.LinkDiscoveryManager.setControllerTLV()V+20
j  net.floodlightcontroller.linkdiscovery.internal.LinkDiscoveryManager.startUp(Lnet/floodlightcontroller/core/module/FloodlightModuleContext;)V+378
j  net.floodlightcontroller.core.module.FloodlightModuleLoader.startupModules(Ljava/util/Collection;)V+104
j  net.floodlightcontroller.core.module.FloodlightModuleLoader.loadModulesFromList(Ljava/util/Collection;Ljava/util/Properties;Ljava/util/Collection;)Lnet/floodlightcontroller/core/module/IFloodlightModuleContext;+787
j  net.floodlightcontroller.core.module.FloodlightModuleLoader.loadModulesFromList(Ljava/util/Collection;Ljava/util/Properties;)Lnet/floodlightcontroller/core/module/IFloodlightModuleContext;+4
j  net.floodlightcontroller.core.module.FloodlightModuleLoader.loadModulesFromConfig(Ljava/lang/String;)Lnet/floodlightcontroller/core/module/IFloodlightModuleContext;+91
j  net.floodlightcontroller.core.Main.main([Ljava/lang/String;)V+58
v  ~StubRoutines::call_stub
V  [libjvm.so+0x412f65]  JavaCalls::call_helper(JavaValue*, methodHandle*, JavaCallArguments*, Thread*)+0x315
V  [libjvm.so+0x5d9f79]  os::os_exception_wrapper(void (*)(JavaValue*, methodHandle*, JavaCallArguments*, Thread*), JavaValue*, methodHandle*, JavaCallArguments*, Thread*)+0x19
V  [libjvm.so+0x411d7f]  JavaCalls::call(JavaValue*, methodHandle, JavaCallArguments*, Thread*)+0x2f
V  [libjvm.so+0x42582a]  jni_invoke_static(JNIEnv_*, JavaValue*, _jobject*, JNICallType, _jmethodID*, JNI_ArgumentPusher*, Thread*)+0x23a
V  [libjvm.so+0x43009b]  jni_CallStaticVoidMethod+0xbb
C  [libjli.so+0x2e8d]  JavaMain+0x8bd
C  [libpthread.so.0+0x6d4c]  start_thread+0xcc

Java frames: (J=compiled Java code, j=interpreted, Vv=VM code)
j  java.net.NetworkInterface.getAll()[Ljava/net/NetworkInterface;+0
j  java.net.NetworkInterface.getNetworkInterfaces()Ljava/util/Enumeration;+0
j  net.floodlightcontroller.linkdiscovery.internal.LinkDiscoveryManager.setControllerTLV()V+20
j  net.floodlightcontroller.linkdiscovery.internal.LinkDiscoveryManager.startUp(Lnet/floodlightcontroller/core/module/FloodlightModuleContext;)V+378
j  net.floodlightcontroller.core.module.FloodlightModuleLoader.startupModules(Ljava/util/Collection;)V+104
j  net.floodlightcontroller.core.module.FloodlightModuleLoader.loadModulesFromList(Ljava/util/Collection;Ljava/util/Properties;Ljava/util/Collection;)Lnet/floodlightcontroller/core/module/IFloodlightModuleContext;+787
j  net.floodlightcontroller.core.module.FloodlightModuleLoader.loadModulesFromList(Ljava/util/Collection;Ljava/util/Properties;)Lnet/floodlightcontroller/core/module/IFloodlightModuleContext;+4
j  net.floodlightcontroller.core.module.FloodlightModuleLoader.loadModulesFromConfig(Ljava/lang/String;)Lnet/floodlightcontroller/core/module/IFloodlightModuleContext;+91
j  net.floodlightcontroller.core.Main.main([Ljava/lang/String;)V+58
v  ~StubRoutines::call_stub

---------------  P R O C E S S  ---------------

Java Threads: ( => current thread )
  0x7c600400 JavaThread "Topology Updates" [_thread_blocked, id=27780, stack(0x7c26b000,0x7c2bc000)]
  0x7c517400 JavaThread "Scheduled-3" [_thread_blocked, id=27779, stack(0x7c2bc000,0x7c30d000)]
  0x7c516800 JavaThread "Scheduled-2" [_thread_blocked, id=27778, stack(0x7c30d000,0x7c35e000)]
  0x7c512c00 JavaThread "Scheduled-1" [_thread_blocked, id=27777, stack(0x7c35e000,0x7c3af000)]
  0x7c512000 JavaThread "Scheduled-0" [_thread_blocked, id=27776, stack(0x7c3af000,0x7c400000)]
  0x7c89f800 JavaThread "derby.rawStoreDaemon" daemon [_thread_blocked, id=27775, stack(0x7c94d000,0x7c99e000)]
  0x7c857800 JavaThread "Timer-0" daemon [_thread_blocked, id=27774, stack(0x7c99e000,0x7c9ef000)]
  0x7caf7000 JavaThread "process reaper" daemon [_thread_blocked, id=27773, stack(0x7c9ef000,0x7ca00000)]
  0x7cafb400 JavaThread "process reaper" daemon [_thread_blocked, id=27771, stack(0x7ce0b000,0x7ce1c000)]
  0x7d578400 JavaThread "Service Thread" daemon [_thread_blocked, id=27768, stack(0x7d08a000,0x7d0db000)]
  0x7d576800 JavaThread "C2 CompilerThread1" daemon [_thread_blocked, id=27767, stack(0x7d0db000,0x7d15c000)]
  0x7d574800 JavaThread "C2 CompilerThread0" daemon [_thread_blocked, id=27766, stack(0x7d15c000,0x7d1dd000)]
  0x7d572c00 JavaThread "Signal Dispatcher" daemon [_thread_blocked, id=27765, stack(0x7fb2e000,0x7fb7f000)]
  0x7d538000 JavaThread "Finalizer" daemon [_thread_blocked, id=27764, stack(0x7d3dd000,0x7d42e000)]
  0x7d536400 JavaThread "Reference Handler" daemon [_thread_blocked, id=27763, stack(0x7d42e000,0x7d47f000)]
=>0xb6707000 JavaThread "main" [_thread_in_native, id=27755, stack(0xb68b1000,0xb6902000)]

Other Threads:
  0x7d530c00 VMThread [stack: 0x7d47f000,0x7d500000] [id=27762]
  0x7d57a000 WatcherThread [stack: 0x7d009000,0x7d08a000] [id=27769]

VM state:not at safepoint (normal execution)

VM Mutex/Monitor currently owned by a thread: None

Heap
 PSYoungGen      total 26304K, used 10069K [0xa39a0000, 0xa5540000, 0xb3640000)
  eden space 24320K, 33% used [0xa39a0000,0xa4187308,0xa5160000)
  from space 1984K, 99% used [0xa5350000,0xa553e1e8,0xa5540000)
  to   space 1984K, 0% used [0xa5160000,0xa5160000,0xa5350000)
 ParOldGen       total 32320K, used 5118K [0x84040000, 0x85fd0000, 0xa39a0000)
  object space 32320K, 15% used [0x84040000,0x8453fa30,0x85fd0000)
 PSPermGen       total 16384K, used 13632K [0x80040000, 0x81040000, 0x84040000)
  object space 16384K, 83% used [0x80040000,0x80d90250,0x81040000)

Card table byte_map: [0x7fea4000,0x80040000] byte_map_base: 0x7faa3e00

Polling page: 0xb7741000

Code Cache  [0xb3700000, 0xb3940000, 0xb6700000)
 total_blobs=310 nmethods=103 adapters=159 free_code_cache=48599Kb largest_free_block=49741824

Compilation events (10 events):
Event: 1.749 Thread 0x7d576800   99             java.lang.CharacterData::of (120 bytes)
Event: 1.749 Thread 0x7d576800 nmethod 99 0xb378e3c8 code [0xb378e4c0, 0xb378e590]
Event: 1.752 Thread 0x7d576800  100             java.lang.StringBuilder::append (8 bytes)
Event: 1.755 Thread 0x7d576800 nmethod 100 0xb378de08 code [0xb378df20, 0xb378e1f0]
Event: 1.792 Thread 0x7d576800  101             java.lang.reflect.Method::getName (5 bytes)
Event: 1.792 Thread 0x7d576800 nmethod 101 0xb378ae08 code [0xb378aee0, 0xb378af30]
Event: 1.796 Thread 0x7d576800  102             java.lang.System::getSecurityManager (4 bytes)
Event: 1.796 Thread 0x7d576800 nmethod 102 0xb3788e88 code [0xb3788f60, 0xb3788f90]
Event: 1.796 Thread 0x7d576800  103             sun.reflect.generics.parser.SignatureParser::advance (37 bytes)
Event: 1.796 Thread 0x7d576800 nmethod 103 0xb378dc88 code [0xb378dd60, 0xb378ddb0]

GC Heap History (8 events):
Event: 0.496 GC heap before
{Heap before GC invocations=1 (full 0):
 PSYoungGen      total 14144K, used 12157K [0xa39a0000, 0xa4960000, 0xb3640000)
  eden space 12160K, 99% used [0xa39a0000,0xa457f670,0xa4580000)
  from space 1984K, 0% used [0xa4770000,0xa4770000,0xa4960000)
  to   space 1984K, 0% used [0xa4580000,0xa4580000,0xa4770000)
 ParOldGen       total 32320K, used 0K [0x84040000, 0x85fd0000, 0xa39a0000)
  object space 32320K, 0% used [0x84040000,0x84040000,0x85fd0000)
 PSPermGen       total 16384K, used 5039K [0x80040000, 0x81040000, 0x84040000)
  object space 16384K, 30% used [0x80040000,0x8052bde0,0x81040000)
Event: 0.499 GC heap after
Heap after GC invocations=1 (full 0):
 PSYoungGen      total 14144K, used 1981K [0xa39a0000, 0xa4960000, 0xb3640000)
  eden space 12160K, 0% used [0xa39a0000,0xa39a0000,0xa4580000)
  from space 1984K, 99% used [0xa4580000,0xa476f660,0xa4770000)
  to   space 1984K, 0% used [0xa4770000,0xa4770000,0xa4960000)
 ParOldGen       total 32320K, used 450K [0x84040000, 0x85fd0000, 0xa39a0000)
  object space 32320K, 1% used [0x84040000,0x840b09d8,0x85fd0000)
 PSPermGen       total 16384K, used 5039K [0x80040000, 0x81040000, 0x84040000)
  object space 16384K, 30% used [0x80040000,0x8052bde0,0x81040000)
}
Event: 0.793 GC heap before
{Heap before GC invocations=2 (full 0):
 PSYoungGen      total 14144K, used 14141K [0xa39a0000, 0xa4960000, 0xb3640000)
  eden space 12160K, 100% used [0xa39a0000,0xa4580000,0xa4580000)
  from space 1984K, 99% used [0xa4580000,0xa476f660,0xa4770000)
  to   space 1984K, 0% used [0xa4770000,0xa4770000,0xa4960000)
 ParOldGen       total 32320K, used 450K [0x84040000, 0x85fd0000, 0xa39a0000)
  object space 32320K, 1% used [0x84040000,0x840b09d8,0x85fd0000)
 PSPermGen       total 16384K, used 6901K [0x80040000, 0x81040000, 0x84040000)
  object space 16384K, 42% used [0x80040000,0x806fd578,0x81040000)
Event: 0.801 GC heap after
Heap after GC invocations=2 (full 0):
 PSYoungGen      total 14144K, used 1977K [0xa39a0000, 0xa5540000, 0xb3640000)
  eden space 12160K, 0% used [0xa39a0000,0xa39a0000,0xa4580000)
  from space 1984K, 99% used [0xa4770000,0xa495e540,0xa4960000)
  to   space 1984K, 0% used [0xa4580000,0xa4580000,0xa4770000)
 ParOldGen       total 32320K, used 1475K [0x84040000, 0x85fd0000, 0xa39a0000)
  object space 32320K, 4% used [0x84040000,0x841b0e00,0x85fd0000)
 PSPermGen       total 16384K, used 6901K [0x80040000, 0x81040000, 0x84040000)
  object space 16384K, 42% used [0x80040000,0x806fd578,0x81040000)
}
Event: 1.107 GC heap before
{Heap before GC invocations=3 (full 0):
 PSYoungGen      total 14144K, used 14137K [0xa39a0000, 0xa5540000, 0xb3640000)
  eden space 12160K, 100% used [0xa39a0000,0xa4580000,0xa4580000)
  from space 1984K, 99% used [0xa4770000,0xa495e540,0xa4960000)
  to   space 1984K, 0% used [0xa4580000,0xa4580000,0xa4770000)
 ParOldGen       total 32320K, used 1475K [0x84040000, 0x85fd0000, 0xa39a0000)
  object space 32320K, 4% used [0x84040000,0x841b0e00,0x85fd0000)
 PSPermGen       total 16384K, used 9368K [0x80040000, 0x81040000, 0x84040000)
  object space 16384K, 57% used [0x80040000,0x80966138,0x81040000)
Event: 1.112 GC heap after
Heap after GC invocations=3 (full 0):
 PSYoungGen      total 14144K, used 1971K [0xa39a0000, 0xa5540000, 0xb3640000)
  eden space 12160K, 0% used [0xa39a0000,0xa39a0000,0xa4580000)
  from space 1984K, 99% used [0xa4580000,0xa476ce30,0xa4770000)
  to   space 1984K, 0% used [0xa5350000,0xa5350000,0xa5540000)
 ParOldGen       total 32320K, used 2760K [0x84040000, 0x85fd0000, 0xa39a0000)
  object space 32320K, 8% used [0x84040000,0x842f2210,0x85fd0000)
 PSPermGen       total 16384K, used 9368K [0x80040000, 0x81040000, 0x84040000)
  object space 16384K, 57% used [0x80040000,0x80966138,0x81040000)
}
Event: 1.554 GC heap before
{Heap before GC invocations=4 (full 0):
 PSYoungGen      total 14144K, used 14045K [0xa39a0000, 0xa5540000, 0xb3640000)
  eden space 12160K, 99% used [0xa39a0000,0xa456a628,0xa4580000)
  from space 1984K, 99% used [0xa4580000,0xa476ce30,0xa4770000)
  to   space 1984K, 0% used [0xa5350000,0xa5350000,0xa5540000)
 ParOldGen       total 32320K, used 2760K [0x84040000, 0x85fd0000, 0xa39a0000)
  object space 32320K, 8% used [0x84040000,0x842f2210,0x85fd0000)
 PSPermGen       total 16384K, used 12206K [0x80040000, 0x81040000, 0x84040000)
  object space 16384K, 74% used [0x80040000,0x80c2b900,0x81040000)
Event: 1.562 GC heap after
Heap after GC invocations=4 (full 0):
 PSYoungGen      total 26304K, used 1976K [0xa39a0000, 0xa5540000, 0xb3640000)
  eden space 24320K, 0% used [0xa39a0000,0xa39a0000,0xa5160000)
  from space 1984K, 99% used [0xa5350000,0xa553e1e8,0xa5540000)
  to   space 1984K, 0% used [0xa5160000,0xa5160000,0xa5350000)
 ParOldGen       total 32320K, used 5118K [0x84040000, 0x85fd0000, 0xa39a0000)
  object space 32320K, 15% used [0x84040000,0x8453fa30,0x85fd0000)
 PSPermGen       total 16384K, used 12206K [0x80040000, 0x81040000, 0x84040000)
  object space 16384K, 74% used [0x80040000,0x80c2b900,0x81040000)
}

Deoptimization events (10 events):
Event: 0.959 Thread 0xb6707000 Uncommon trap -34 fr.pc 0xb3757f48
Event: 0.959 Thread 0xb6707000 Uncommon trap -34 fr.pc 0xb3757f48
Event: 0.962 Thread 0xb6707000 Uncommon trap -83 fr.pc 0xb3759a20
Event: 0.966 Thread 0xb6707000 Uncommon trap -34 fr.pc 0xb3757f48
Event: 0.966 Thread 0xb6707000 Uncommon trap -34 fr.pc 0xb3757f48
Event: 1.273 Thread 0xb6707000 Uncommon trap -34 fr.pc 0xb3751eb0
Event: 1.282 Thread 0xb6707000 Uncommon trap -34 fr.pc 0xb3751eb0
Event: 1.291 Thread 0xb6707000 Uncommon trap -83 fr.pc 0xb3750598
Event: 1.501 Thread 0xb6707000 Uncommon trap 45 fr.pc 0xb374c494
Event: 1.734 Thread 0xb6707000 Uncommon trap -83 fr.pc 0xb3769908

Internal exceptions (10 events):
Event: 1.786 Thread 0xb6707000 Threw 0xa4053b80 at /HUDSON/workspace/jdk7u21-2-build-linux-i586-product/jdk7u21/hotspot/src/share/vm/prims/jvm.cpp:1166
Event: 1.786 Thread 0xb6707000 Threw 0xa40589a8 at /HUDSON/workspace/jdk7u21-2-build-linux-i586-product/jdk7u21/hotspot/src/share/vm/prims/jvm.cpp:1166
Event: 1.787 Thread 0xb6707000 Threw 0xa405b2e8 at /HUDSON/workspace/jdk7u21-2-build-linux-i586-product/jdk7u21/hotspot/src/share/vm/prims/jvm.cpp:1166
Event: 1.787 Thread 0xb6707000 Threw 0xa405f750 at /HUDSON/workspace/jdk7u21-2-build-linux-i586-product/jdk7u21/hotspot/src/share/vm/prims/jvm.cpp:1166
Event: 1.788 Thread 0xb6707000 Threw 0xa40ac850 at /HUDSON/workspace/jdk7u21-2-build-linux-i586-product/jdk7u21/hotspot/src/share/vm/prims/jvm.cpp:1166
Event: 1.799 Thread 0xb6707000 Threw 0xa41175f0 at /HUDSON/workspace/jdk7u21-2-build-linux-i586-product/jdk7u21/hotspot/src/share/vm/prims/jvm.cpp:1166
Event: 1.800 Thread 0xb6707000 Threw 0xa411bb78 at /HUDSON/workspace/jdk7u21-2-build-linux-i586-product/jdk7u21/hotspot/src/share/vm/prims/jvm.cpp:1166
Event: 1.800 Thread 0xb6707000 Threw 0xa411ebd8 at /HUDSON/workspace/jdk7u21-2-build-linux-i586-product/jdk7u21/hotspot/src/share/vm/prims/jvm.cpp:1166
Event: 1.801 Thread 0xb6707000 Threw 0xa41217e8 at /HUDSON/workspace/jdk7u21-2-build-linux-i586-product/jdk7u21/hotspot/src/share/vm/prims/jvm.cpp:1166
Event: 1.802 Thread 0xb6707000 Threw 0xa4124618 at /HUDSON/workspace/jdk7u21-2-build-linux-i586-product/jdk7u21/hotspot/src/share/vm/prims/jvm.cpp:1166

Events (10 events):
Event: 1.801 loading class 0x7ca92470 done
Event: 1.801 Thread 0x7c600400 Thread added: 0x7c600400
Event: 1.802 loading class 0x7ca924f8
Event: 1.802 loading class 0x7ca924f8 done
Event: 1.802 loading class 0x7cd60be8
Event: 1.802 loading class 0x7cd60be8 done
Event: 1.803 loading class 0x7c6013e0
Event: 1.803 loading class 0x7c6013e0 done
Event: 1.803 loading class 0x7c6013b0
Event: 1.803 loading class 0x7c6013b0 done


Dynamic libraries:
08048000-08049000 r-xp 00000000 08:01 407612     /usr/lib/jvm/jdk1.7.0/bin/java
08049000-0804a000 rw-p 00000000 08:01 407612     /usr/lib/jvm/jdk1.7.0/bin/java
08695000-0891d000 rw-p 00000000 00:00 0          [heap]
7c12b000-7c26b000 rw-p 00000000 00:00 0 
7c26b000-7c26e000 ---p 00000000 00:00 0 
7c26e000-7c2bc000 rw-p 00000000 00:00 0          [stack:27780]
7c2bc000-7c2bf000 ---p 00000000 00:00 0 
7c2bf000-7c30d000 rw-p 00000000 00:00 0          [stack:27779]
7c30d000-7c310000 ---p 00000000 00:00 0 
7c310000-7c35e000 rw-p 00000000 00:00 0          [stack:27778]
7c35e000-7c361000 ---p 00000000 00:00 0 
7c361000-7c3af000 rw-p 00000000 00:00 0          [stack:27777]
7c3af000-7c3b2000 ---p 00000000 00:00 0 
7c3b2000-7c400000 rw-p 00000000 00:00 0          [stack:27776]
7c400000-7c53f000 rw-p 00000000 00:00 0 
7c53f000-7c600000 ---p 00000000 00:00 0 
7c600000-7c6f8000 rw-p 00000000 00:00 0 
7c6f8000-7c700000 ---p 00000000 00:00 0 
7c700000-7c800000 rw-p 00000000 00:00 0 
7c800000-7c900000 rw-p 00000000 00:00 0 
7c94c000-7c94d000 rw-p 00000000 00:00 0 
7c94d000-7c950000 ---p 00000000 00:00 0 
7c950000-7c99e000 rw-p 00000000 00:00 0          [stack:27775]
7c99e000-7c9a1000 ---p 00000000 00:00 0 
7c9a1000-7c9ef000 rw-p 00000000 00:00 0          [stack:27774]
7c9ef000-7c9f2000 ---p 00000000 00:00 0 
7c9f2000-7ca00000 rw-p 00000000 00:00 0          [stack:27773]
7ca00000-7cafc000 rw-p 00000000 00:00 0 
7cafc000-7cb00000 ---p 00000000 00:00 0 
7cb00000-7cbfd000 rw-p 00000000 00:00 0 
7cbfd000-7cc00000 ---p 00000000 00:00 0 
7cc00000-7cd00000 rw-p 00000000 00:00 0 
7cd00000-7cdfd000 rw-p 00000000 00:00 0 
7cdfd000-7ce00000 ---p 00000000 00:00 0 
7ce00000-7ce03000 rw-p 00000000 00:00 0 
7ce03000-7ce0a000 r-xp 00000000 08:01 550258     /usr/lib/jvm/jdk1.7.0/jre/lib/i386/libmanagement.so
7ce0a000-7ce0b000 rw-p 00006000 08:01 550258     /usr/lib/jvm/jdk1.7.0/jre/lib/i386/libmanagement.so
7ce0b000-7ce0e000 ---p 00000000 00:00 0 
7ce0e000-7ce1c000 rw-p 00000000 00:00 0          [stack:27771]
7ce1c000-7ce2a000 r-xp 00000000 08:01 550272     /usr/lib/jvm/jdk1.7.0/jre/lib/i386/libnio.so
7ce2a000-7ce2b000 rw-p 0000e000 08:01 550272     /usr/lib/jvm/jdk1.7.0/jre/lib/i386/libnio.so
7ce2b000-7ce3f000 r-xp 00000000 08:01 550263     /usr/lib/jvm/jdk1.7.0/jre/lib/i386/libnet.so
7ce3f000-7ce40000 rw-p 00014000 08:01 550263     /usr/lib/jvm/jdk1.7.0/jre/lib/i386/libnet.so
7ce40000-7ce4a000 r--s 00254000 08:01 550209     /usr/lib/jvm/jdk1.7.0/jre/lib/resources.jar
7ce4a000-7ce4c000 r--s 00005000 08:01 416321     /home/student/floodlight/lib/slf4j-api-1.6.4.jar
7ce4c000-7ce52000 r--s 00035000 08:01 417121     /home/student/floodlight/lib/simple-5.1.1.jar
7ce52000-7ce5c000 r--s 000b0000 08:01 417119     /home/student/floodlight/lib/org.restlet-2.2M3.jar
7ce5c000-7ce6b000 r--s 000b3000 08:01 416312     /home/student/floodlight/lib/netty-3.2.6.Final.jar
7ce6b000-7cf00000 r--s 0093a000 08:01 416307     /home/student/floodlight/lib/jython-2.5.2.jar
7cf00000-7cfff000 rw-p 00000000 00:00 0 
7cfff000-7d000000 ---p 00000000 00:00 0 
7d000000-7d001000 rw-p 00000000 00:00 0 
7d001000-7d009000 r--s 00049000 08:01 416311     /home/student/floodlight/lib/logback-core-1.0.0.jar
7d009000-7d00a000 ---p 00000000 00:00 0 
7d00a000-7d08a000 rw-p 00000000 00:00 0          [stack:27769]
7d08a000-7d08d000 ---p 00000000 00:00 0 
7d08d000-7d0db000 rw-p 00000000 00:00 0          [stack:27768]
7d0db000-7d0de000 ---p 00000000 00:00 0 
7d0de000-7d15c000 rw-p 00000000 00:00 0          [stack:27767]
7d15c000-7d15f000 ---p 00000000 00:00 0 
7d15f000-7d1dd000 rw-p 00000000 00:00 0          [stack:27766]
7d1dd000-7d3dd000 r--p 00000000 08:01 657751     /usr/lib/locale/locale-archive
7d3dd000-7d3e0000 ---p 00000000 00:00 0 
7d3e0000-7d42e000 rw-p 00000000 00:00 0          [stack:27764]
7d42e000-7d431000 ---p 00000000 00:00 0 
7d431000-7d47f000 rw-p 00000000 00:00 0          [stack:27763]
7d47f000-7d480000 ---p 00000000 00:00 0 
7d480000-7d500000 rw-p 00000000 00:00 0          [stack:27762]
7d500000-7d5ff000 rw-p 00000000 00:00 0 
7d5ff000-7d600000 ---p 00000000 00:00 0 
7d600000-7d602000 r--s 00019000 08:01 550512     /usr/lib/jvm/jdk1.7.0/jre/lib/jce.jar
7d602000-7d608000 r--s 00037000 08:01 416310     /home/student/floodlight/lib/logback-classic-1.0.0.jar
7d608000-7d60f000 r--s 0004e000 08:01 417133     /home/student/floodlight/lib/libthrift-0.9.0.jar
7d60f000-7d615000 r--s 00034000 08:01 416306     /home/student/floodlight/lib/junit-4.8.2.jar
7d615000-7d61d000 r--s 0004e000 08:01 417117     /home/student/floodlight/lib/jackson-dataformat-yaml-2.1.4.jar
7d61d000-7d641000 r--s 001aa000 08:01 416303     /home/student/floodlight/lib/guava-13.0.1.jar
7d641000-7d68c000 rw-p 00000000 00:00 0 
7d68c000-7d849000 r--s 039de000 08:01 549726     /usr/lib/jvm/jdk1.7.0/jre/lib/rt.jar
7d849000-7fa00000 rw-p 00000000 00:00 0 
7fa00000-7fae5000 rw-p 00000000 00:00 0 
7fae5000-7fb00000 ---p 00000000 00:00 0 
7fb00000-7fb01000 r--p 00000000 00:00 0 
7fb01000-7fb02000 r--s 00000000 08:01 416318     /home/student/floodlight/lib/org.restlet.ext.slf4j-2.2M3.jar
7fb02000-7fb05000 r--s 00019000 08:01 416314     /home/student/floodlight/lib/org.easymock-3.1.jar
7fb05000-7fb2e000 r--s 0026c000 08:01 417138     /home/student/floodlight/lib/derby-10.9.1.0.jar
7fb2e000-7fb31000 ---p 00000000 00:00 0 
7fb31000-7fb7f000 rw-p 00000000 00:00 0          [stack:27765]
7fb7f000-7fb80000 ---p 00000000 00:00 0 
7fb80000-7fc00000 rw-p 00000000 00:00 0          [stack:27761]
7fc00000-7fc21000 rw-p 00000000 00:00 0 
7fc21000-7fd00000 ---p 00000000 00:00 0 
7fd00000-7fd01000 r--s 00002000 08:01 417134     /home/student/floodlight/lib/org.restlet.ext.simple-2.2M3.jar
7fd01000-7fd03000 r--s 00007000 08:01 416313     /home/student/floodlight/lib/objenesis-1.2.jar
7fd03000-7fd05000 r--s 00012000 08:01 417135     /home/student/floodlight/lib/jackson-dataformat-xml-2.1.4.jar
7fd05000-7fd06000 r--s 00010000 08:01 417127     /home/student/floodlight/lib/jackson-dataformat-smile-2.1.4.jar
7fd06000-7fd07000 ---p 00000000 00:00 0 
7fd07000-7fd8f000 rw-p 00000000 00:00 0          [stack:27760]
7fd8f000-7fda7000 rw-p 00000000 00:00 0 
7fda7000-7fdb7000 rw-p 00000000 00:00 0 
7fdb7000-7fea4000 rw-p 00000000 00:00 0 
7fea4000-7feac000 rw-p 00000000 00:00 0 
7feac000-7fec4000 rw-p 00000000 00:00 0 
7fec4000-7fed4000 rw-p 00000000 00:00 0 
7fed4000-7ffc0000 rw-p 00000000 00:00 0 
7ffc0000-7ffcf000 rw-p 00000000 00:00 0 
7ffcf000-8003f000 rw-p 00000000 00:00 0 
8003f000-81040000 rw-p 00000000 00:00 0 
81040000-84040000 rw-p 00000000 00:00 0 
84040000-85fd0000 rw-p 00000000 00:00 0 
85fd0000-a39a0000 rw-p 00000000 00:00 0 
a39a0000-a5540000 rw-p 00000000 00:00 0 
a5540000-b3640000 rw-p 00000000 00:00 0 
b3640000-b3649000 rw-p 00000000 00:00 0 
b3649000-b3700000 rw-p 00000000 00:00 0 
b3700000-b3940000 rwxp 00000000 00:00 0 
b3940000-b67f8000 rw-p 00000000 00:00 0 
b67f8000-b6800000 ---p 00000000 00:00 0 
b6800000-b6802000 r--s 00011000 08:01 417113     /home/student/floodlight/lib/jackson-dataformat-csv-2.1.4.jar
b6802000-b6813000 r--s 000d2000 08:01 417124     /home/student/floodlight/lib/jackson-databind-2.1.4.jar
b6813000-b6817000 r--s 0002f000 08:01 417146     /home/student/floodlight/lib/jackson-core-2.1.4.jar
b6817000-b6819000 r--s 00007000 08:01 417128     /home/student/floodlight/lib/jackson-annotations-2.1.4.jar
b6819000-b681b000 r--s 00006000 08:01 416298     /home/student/floodlight/lib/findbugs-jsr305-2.0.1.jar
b681b000-b681f000 r--s 0000f000 08:01 416297     /home/student/floodlight/lib/findbugs-annotations-2.0.1.jar
b681f000-b6836000 r-xp 00000000 08:01 550286     /usr/lib/jvm/jdk1.7.0/jre/lib/i386/libzip.so
b6836000-b6837000 rw-p 00017000 08:01 550286     /usr/lib/jvm/jdk1.7.0/jre/lib/i386/libzip.so
b6837000-b6842000 r-xp 00000000 08:01 260195     /lib/i386-linux-gnu/libnss_files-2.15.so
b6842000-b6843000 r--p 0000a000 08:01 260195     /lib/i386-linux-gnu/libnss_files-2.15.so
b6843000-b6844000 rw-p 0000b000 08:01 260195     /lib/i386-linux-gnu/libnss_files-2.15.so
b6844000-b684e000 r-xp 00000000 08:01 260203     /lib/i386-linux-gnu/libnss_nis-2.15.so
b684e000-b684f000 r--p 00009000 08:01 260203     /lib/i386-linux-gnu/libnss_nis-2.15.so
b684f000-b6850000 rw-p 0000a000 08:01 260203     /lib/i386-linux-gnu/libnss_nis-2.15.so
b6850000-b6866000 r-xp 00000000 08:01 260147     /lib/i386-linux-gnu/libnsl-2.15.so
b6866000-b6867000 r--p 00015000 08:01 260147     /lib/i386-linux-gnu/libnsl-2.15.so
b6867000-b6868000 rw-p 00016000 08:01 260147     /lib/i386-linux-gnu/libnsl-2.15.so
b6868000-b686a000 rw-p 00000000 00:00 0 
b686a000-b6871000 r-xp 00000000 08:01 260198     /lib/i386-linux-gnu/libnss_compat-2.15.so
b6871000-b6872000 r--p 00006000 08:01 260198     /lib/i386-linux-gnu/libnss_compat-2.15.so
b6872000-b6873000 rw-p 00007000 08:01 260198     /lib/i386-linux-gnu/libnss_compat-2.15.so
b6873000-b6876000 r--s 0000b000 08:01 416296     /home/student/floodlight/lib/concurrentlinkedhashmap-lru-1.2.jar
b6876000-b687c000 r--s 0004a000 08:01 416294     /home/student/floodlight/lib/cglib-nodep-2.2.2.jar
b687c000-b6884000 rw-s 00000000 08:01 12823      /tmp/hsperfdata_student/27753
b6884000-b68a7000 r-xp 00000000 08:01 550248     /usr/lib/jvm/jdk1.7.0/jre/lib/i386/libjava.so
b68a7000-b68a8000 rw-p 00023000 08:01 550248     /usr/lib/jvm/jdk1.7.0/jre/lib/i386/libjava.so
b68a8000-b68af000 r-xp 00000000 08:01 260202     /lib/i386-linux-gnu/librt-2.15.so
b68af000-b68b0000 r--p 00006000 08:01 260202     /lib/i386-linux-gnu/librt-2.15.so
b68b0000-b68b1000 rw-p 00007000 08:01 260202     /lib/i386-linux-gnu/librt-2.15.so
b68b1000-b68b4000 ---p 00000000 00:00 0 
b68b4000-b6902000 rw-p 00000000 00:00 0          [stack:27755]
b6902000-b692c000 r-xp 00000000 08:01 260197     /lib/i386-linux-gnu/libm-2.15.so
b692c000-b692d000 r--p 00029000 08:01 260197     /lib/i386-linux-gnu/libm-2.15.so
b692d000-b692e000 rw-p 0002a000 08:01 260197     /lib/i386-linux-gnu/libm-2.15.so
b692e000-b70e9000 r-xp 00000000 08:01 550285     /usr/lib/jvm/jdk1.7.0/jre/lib/i386/server/libjvm.so
b70e9000-b713b000 rw-p 007bb000 08:01 550285     /usr/lib/jvm/jdk1.7.0/jre/lib/i386/server/libjvm.so
b713b000-b755e000 rw-p 00000000 00:00 0 
b755e000-b7701000 r-xp 00000000 08:01 260182     /lib/i386-linux-gnu/libc-2.15.so
b7701000-b7702000 ---p 001a3000 08:01 260182     /lib/i386-linux-gnu/libc-2.15.so
b7702000-b7704000 r--p 001a3000 08:01 260182     /lib/i386-linux-gnu/libc-2.15.so
b7704000-b7705000 rw-p 001a5000 08:01 260182     /lib/i386-linux-gnu/libc-2.15.so
b7705000-b7708000 rw-p 00000000 00:00 0 
b7708000-b770b000 r-xp 00000000 08:01 260189     /lib/i386-linux-gnu/libdl-2.15.so
b770b000-b770c000 r--p 00002000 08:01 260189     /lib/i386-linux-gnu/libdl-2.15.so
b770c000-b770d000 rw-p 00003000 08:01 260189     /lib/i386-linux-gnu/libdl-2.15.so
b770d000-b7720000 r-xp 00000000 08:01 550252     /usr/lib/jvm/jdk1.7.0/jre/lib/i386/jli/libjli.so
b7720000-b7721000 rw-p 00012000 08:01 550252     /usr/lib/jvm/jdk1.7.0/jre/lib/i386/jli/libjli.so
b7721000-b7722000 rw-p 00000000 00:00 0 
b7722000-b7739000 r-xp 00000000 08:01 260196     /lib/i386-linux-gnu/libpthread-2.15.so
b7739000-b773a000 r--p 00016000 08:01 260196     /lib/i386-linux-gnu/libpthread-2.15.so
b773a000-b773b000 rw-p 00017000 08:01 260196     /lib/i386-linux-gnu/libpthread-2.15.so
b773b000-b773d000 rw-p 00000000 00:00 0 
b773d000-b773e000 r--s 00001000 08:01 417136     /home/student/floodlight/lib/org.restlet.ext.jackson-2.2M3.jar
b773e000-b7740000 r--s 0000c000 08:01 416291     /home/student/floodlight/lib/args4j-2.0.16.jar
b7740000-b7741000 rw-p 00000000 00:00 0 
b7741000-b7742000 r--p 00000000 00:00 0 
b7742000-b774d000 r-xp 00000000 08:01 550230     /usr/lib/jvm/jdk1.7.0/jre/lib/i386/libverify.so
b774d000-b774e000 rw-p 0000b000 08:01 550230     /usr/lib/jvm/jdk1.7.0/jre/lib/i386/libverify.so
b774e000-b7750000 rw-p 00000000 00:00 0 
b7750000-b7751000 r-xp 00000000 00:00 0          [vdso]
b7751000-b7771000 r-xp 00000000 08:01 260201     /lib/i386-linux-gnu/ld-2.15.so
b7771000-b7772000 r--p 0001f000 08:01 260201     /lib/i386-linux-gnu/ld-2.15.so
b7772000-b7773000 rw-p 00020000 08:01 260201     /lib/i386-linux-gnu/ld-2.15.so
bfb0b000-bfb2c000 rw-p 00000000 00:00 0          [stack]

VM Arguments:
jvm_args: -Dlogback.configurationFile=logback.xml -Dfile.encoding=UTF-8 
java_command: net.floodlightcontroller.core.Main
Launcher Type: SUN_STANDARD

Environment Variables:
PATH=/usr/lib/lightdm/lightdm:/usr/local/sbin:/usr/local/bin:/usr/sbin:/usr/bin:/sbin:/bin:/usr/games:/usr/local/games
LD_LIBRARY_PATH=/usr/lib/jvm/jdk1.7.0/jre/lib/i386/server:/usr/lib/jvm/jdk1.7.0/jre/lib/i386:/usr/lib/jvm/jdk1.7.0/jre/../lib/i386:/usr/lib/jvm/jdk1.7.0/jre/lib/i386/client:/usr/lib/jvm/jdk1.7.0/jre/lib/i386:
SHELL=/bin/bash
DISPLAY=:0.0

Signal Handlers:
SIGSEGV: [libjvm.so+0x722ea0], sa_mask[0]=0x7ffbfeff, sa_flags=0x10000004
SIGBUS: [libjvm.so+0x722ea0], sa_mask[0]=0x7ffbfeff, sa_flags=0x10000004
SIGFPE: [libjvm.so+0x5dbc80], sa_mask[0]=0x7ffbfeff, sa_flags=0x10000004
SIGPIPE: [libjvm.so+0x5dbc80], sa_mask[0]=0x7ffbfeff, sa_flags=0x10000004
SIGXFSZ: [libjvm.so+0x5dbc80], sa_mask[0]=0x7ffbfeff, sa_flags=0x10000004
SIGILL: [libjvm.so+0x5dbc80], sa_mask[0]=0x7ffbfeff, sa_flags=0x10000004
SIGUSR1: SIG_DFL, sa_mask[0]=0x00000000, sa_flags=0x00000000
SIGUSR2: [libjvm.so+0x5db560], sa_mask[0]=0x00000004, sa_flags=0x10000004
SIGHUP: [libjvm.so+0x5ddb50], sa_mask[0]=0x7ffbfeff, sa_flags=0x10000004
SIGINT: [libjvm.so+0x5ddb50], sa_mask[0]=0x7ffbfeff, sa_flags=0x10000004
SIGTERM: [libjvm.so+0x5ddb50], sa_mask[0]=0x7ffbfeff, sa_flags=0x10000004
SIGQUIT: [libjvm.so+0x5ddb50], sa_mask[0]=0x7ffbfeff, sa_flags=0x10000004


---------------  S Y S T E M  ---------------

OS:wheezy/sid

uname:Linux 3.5.0-32-generic #53-Ubuntu SMP Wed May 29 20:22:58 UTC 2013 i686
libc:glibc 2.15 NPTL 2.15 
rlimit: STACK 8192k, CORE 0k, NPROC 24101, NOFILE 4096, AS infinity
load average:0.31 0.29 0.27

/proc/meminfo:
MemTotal:        3100596 kB
MemFree:         1508188 kB
Buffers:          114560 kB
Cached:           633580 kB
SwapCached:            0 kB
Active:           992232 kB
Inactive:         474876 kB
Active(anon):     728636 kB
Inactive(anon):     4080 kB
Active(file):     263596 kB
Inactive(file):   470796 kB
Unevictable:       38256 kB
Mlocked:           38256 kB
HighTotal:       2229192 kB
HighFree:         826504 kB
LowTotal:         871404 kB
LowFree:          681684 kB
SwapTotal:       1603580 kB
SwapFree:        1603580 kB
Dirty:               356 kB
Writeback:             0 kB
AnonPages:        757408 kB
Mapped:           128180 kB
Shmem:              4960 kB
Slab:              60752 kB
SReclaimable:      43188 kB
SUnreclaim:        17564 kB
KernelStack:        3056 kB
PageTables:         8164 kB
NFS_Unstable:          0 kB
Bounce:                0 kB
WritebackTmp:          0 kB
CommitLimit:     3153876 kB
Committed_AS:    2011944 kB
VmallocTotal:     122880 kB
VmallocUsed:       33548 kB
VmallocChunk:      86900 kB
HardwareCorrupted:     0 kB
AnonHugePages:         0 kB
HugePages_Total:       0
HugePages_Free:        0
HugePages_Rsvd:        0
HugePages_Surp:        0
Hugepagesize:       2048 kB
DirectMap4k:       12280 kB
DirectMap2M:      901120 kB


CPU:total 2 (2 cores per cpu, 1 threads per core) family 6 model 45 stepping 7, cmov, cx8, fxsr, mmx, sse, sse2, sse3, ssse3, tsc

/proc/cpuinfo:
processor	: 0
vendor_id	: GenuineIntel
cpu family	: 6
model		: 45
model name	: Intel(R) Xeon(R) CPU E5-1620 0 @ 3.60GHz
stepping	: 7
cpu MHz		: 3555.854
cache size	: 6144 KB
physical id	: 0
siblings	: 2
core id		: 0
cpu cores	: 2
apicid		: 0
initial apicid	: 0
fdiv_bug	: no
hlt_bug		: no
f00f_bug	: no
coma_bug	: no
fpu		: yes
fpu_exception	: yes
cpuid level	: 5
wp		: yes
flags		: fpu vme de pse tsc msr pae mce cx8 apic sep mtrr pge mca cmov pat pse36 clflush mmx fxsr sse sse2 ht syscall nx rdtscp lm constant_tsc pni ssse3 lahf_lm
bogomips	: 7111.70
clflush size	: 64
cache_alignment	: 64
address sizes	: 46 bits physical, 48 bits virtual
power management:

processor	: 1
vendor_id	: GenuineIntel
cpu family	: 6
model		: 45
model name	: Intel(R) Xeon(R) CPU E5-1620 0 @ 3.60GHz
stepping	: 7
cpu MHz		: 3555.854
cache size	: 6144 KB
physical id	: 0
siblings	: 2
core id		: 1
cpu cores	: 2
apicid		: 1
initial apicid	: 1
fdiv_bug	: no
hlt_bug		: no
f00f_bug	: no
coma_bug	: no
fpu		: yes
fpu_exception	: yes
cpuid level	: 5
wp		: yes
flags		: fpu vme de pse tsc msr pae mce cx8 apic sep mtrr pge mca cmov pat pse36 clflush mmx fxsr sse sse2 ht syscall nx rdtscp lm constant_tsc pni ssse3 lahf_lm
bogomips	: 7111.70
clflush size	: 64
cache_alignment	: 64
address sizes	: 46 bits physical, 48 bits virtual
power management:



Memory: 4k page, physical 3100596k(1508188k free), swap 1603580k(1603580k free)

vm_info: Java HotSpot(TM) Server VM (23.21-b01) for linux-x86 JRE (1.7.0_21-b11), built on Apr  4 2013 04:20:11 by "java_re" with gcc 4.3.0 20080428 (Red Hat 4.3.0-8)

time: Mon Jul 22 08:32:00 2013
elapsed time: 1 seconds

