#
# A fatal error has been detected by the Java Runtime Environment:
#
#  SIGSEGV (0xb) at pc=0x7ce42654, pid=23834, tid=3062938432
#
# JRE version: 7.0_21-b11
# Java VM: Java HotSpot(TM) Server VM (23.21-b01 mixed mode linux-x86 )
# Problematic frame:
# C  [libnet.so+0x14654]  _fini+0x1d0c
#
# Failed to write core dump. Core dumps have been disabled. To enable core dumping, try "ulimit -c unlimited" before starting Java again
#
# If you would like to submit a bug report, please visit:
#   http://bugreport.sun.com/bugreport/crash.jsp
# The crash happened outside the Java Virtual Machine in native code.
# See problematic frame for where to report the bug.
#

---------------  T H R E A D  ---------------

Current thread (0xb6707000):  JavaThread "main" [_thread_in_native, id=23836, stack(0xb68bb000,0xb690c000)]

siginfo:si_signo=SIGSEGV: si_errno=0, si_code=2 (SEGV_ACCERR), si_addr=0x7ce42654

Registers:
EAX=0xb690ad28, EBX=0x7ce42200, ECX=0xb690ad2d, EDX=0x7ce40d08
ESP=0xb690ac74, EBP=0xb690add8, ESI=0xb690ad50, EDI=0x7c37de80
EIP=0x7ce42654, EFLAGS=0x00210246, CR2=0x7ce42654

Top of Stack: (sp=0xb690ac74)
0xb690ac74:   7ce425d8 000002d8 7ce33011 7c37de80
0xb690ac84:   7ce40d08 b690ad28 b690ad2d b690ad32
0xb690ac94:   b690ad37 b690ad3c b690ad41 b690ad46
0xb690aca4:   b690ad4b b690adbc b690adc8 b690adc4
0xb690acb4:   b690adc0 b690ad97 00000000 00000000
0xb690acc4:   00000000 7ce40cee b690adac b690ad97
0xb690acd4:   b690adc8 b690adc4 b690adc0 7ce40d08
0xb690ace4:   b690adbc b690ad28 7c37db20 b6707128 

Instructions: (pc=0x7ce42654)
0x7ce42634:   00 00 00 00 00 00 00 00 00 00 00 00 00 00 00 00
0x7ce42644:   00 00 00 00 00 00 00 00 00 00 00 00 00 00 00 00
0x7ce42654:   00 00 00 00 30 34 32 38 20 28 52 65 64 20 48 61
0x7ce42664:   74 20 34 2e 33 2e 30 2d 38 29 00 00 47 43 43 3a 

Register to memory mapping:

EAX=0xb690ad28 is pointing into the stack for thread: 0xb6707000
EBX=0x7ce42200: <offset 0x14200> in /usr/lib/jvm/jdk1.7.0/jre/lib/i386/libnet.so at 0x7ce2e000
ECX=0xb690ad2d is pointing into the stack for thread: 0xb6707000
EDX=0x7ce40d08: <offset 0x12d08> in /usr/lib/jvm/jdk1.7.0/jre/lib/i386/libnet.so at 0x7ce2e000
ESP=0xb690ac74 is pointing into the stack for thread: 0xb6707000
EBP=0xb690add8 is pointing into the stack for thread: 0xb6707000
ESI=0xb690ad50 is pointing into the stack for thread: 0xb6707000
EDI=0x7c37de80 is an unknown value


Stack: [0xb68bb000,0xb690c000],  sp=0xb690ac74,  free space=319k
Native frames: (J=compiled Java code, j=interpreted, Vv=VM code, C=native code)
C  [libnet.so+0x14654]  _fini+0x1d0c
C  [libnet.so+0x58b0]  Java_java_net_NetworkInterface_getAll+0x10
j  java.net.NetworkInterface.getAll()[Ljava/net/NetworkInterface;+0
j  java.net.NetworkInterface.getNetworkInterfaces()Ljava/util/Enumeration;+0
j  net.floodlightcontroller.linkdiscovery.internal.LinkDiscoveryManager.setControllerTLV()V+20
j  net.floodlightcontroller.linkdiscovery.internal.LinkDiscoveryManager.startUp(Lnet/floodlightcontroller/core/module/FloodlightModuleContext;)V+378
j  net.floodlightcontroller.core.module.FloodlightModuleLoader.startupModules(Ljava/util/Collection;)V+104
j  net.floodlightcontroller.core.module.FloodlightModuleLoader.loadModulesFromList(Ljava/util/Collection;Ljava/util/Properties;Ljava/util/Collection;)Lnet/floodlightcontroller/core/module/IFloodlightModuleContext;+787
j  net.floodlightcontroller.core.module.FloodlightModuleLoader.loadModulesFromList(Ljava/util/Collection;Ljava/util/Properties;)Lnet/floodlightcontroller/core/module/IFloodlightModuleContext;+4
j  net.floodlightcontroller.core.module.FloodlightModuleLoader.loadModulesFromConfig(Ljava/lang/String;)Lnet/floodlightcontroller/core/module/IFloodlightModuleContext;+91
j  net.floodlightcontroller.core.Main.main([Ljava/lang/String;)V+58
v  ~StubRoutines::call_stub
V  [libjvm.so+0x412f65]  JavaCalls::call_helper(JavaValue*, methodHandle*, JavaCallArguments*, Thread*)+0x315
V  [libjvm.so+0x5d9f79]  os::os_exception_wrapper(void (*)(JavaValue*, methodHandle*, JavaCallArguments*, Thread*), JavaValue*, methodHandle*, JavaCallArguments*, Thread*)+0x19
V  [libjvm.so+0x411d7f]  JavaCalls::call(JavaValue*, methodHandle, JavaCallArguments*, Thread*)+0x2f
V  [libjvm.so+0x42582a]  jni_invoke_static(JNIEnv_*, JavaValue*, _jobject*, JNICallType, _jmethodID*, JNI_ArgumentPusher*, Thread*)+0x23a
V  [libjvm.so+0x43009b]  jni_CallStaticVoidMethod+0xbb
C  [libjli.so+0x2e8d]  JavaMain+0x8bd
C  [libpthread.so.0+0x6d4c]  start_thread+0xcc

Java frames: (J=compiled Java code, j=interpreted, Vv=VM code)
j  java.net.NetworkInterface.getAll()[Ljava/net/NetworkInterface;+0
j  java.net.NetworkInterface.getNetworkInterfaces()Ljava/util/Enumeration;+0
j  net.floodlightcontroller.linkdiscovery.internal.LinkDiscoveryManager.setControllerTLV()V+20
j  net.floodlightcontroller.linkdiscovery.internal.LinkDiscoveryManager.startUp(Lnet/floodlightcontroller/core/module/FloodlightModuleContext;)V+378
j  net.floodlightcontroller.core.module.FloodlightModuleLoader.startupModules(Ljava/util/Collection;)V+104
j  net.floodlightcontroller.core.module.FloodlightModuleLoader.loadModulesFromList(Ljava/util/Collection;Ljava/util/Properties;Ljava/util/Collection;)Lnet/floodlightcontroller/core/module/IFloodlightModuleContext;+787
j  net.floodlightcontroller.core.module.FloodlightModuleLoader.loadModulesFromList(Ljava/util/Collection;Ljava/util/Properties;)Lnet/floodlightcontroller/core/module/IFloodlightModuleContext;+4
j  net.floodlightcontroller.core.module.FloodlightModuleLoader.loadModulesFromConfig(Ljava/lang/String;)Lnet/floodlightcontroller/core/module/IFloodlightModuleContext;+91
j  net.floodlightcontroller.core.Main.main([Ljava/lang/String;)V+58
v  ~StubRoutines::call_stub

---------------  P R O C E S S  ---------------

Java Threads: ( => current thread )
  0x7c37c400 JavaThread "Topology Updates" [_thread_new, id=23860, stack(0x00000000,0x00000000)]
  0x7c60c400 JavaThread "Scheduled-3" [_thread_blocked, id=23859, stack(0x7c7ad000,0x7c7fe000)]
  0x7c60b800 JavaThread "Scheduled-2" [_thread_blocked, id=23858, stack(0x7ca4c000,0x7ca9d000)]
  0x7c608400 JavaThread "Scheduled-1" [_thread_blocked, id=23857, stack(0x7ca9d000,0x7caee000)]
  0x7c3f8c00 JavaThread "Scheduled-0" [_thread_blocked, id=23856, stack(0x7cc05000,0x7cc56000)]
  0x7c81e800 JavaThread "derby.rawStoreDaemon" daemon [_thread_blocked, id=23855, stack(0x7cc56000,0x7cca7000)]
  0x7c95a000 JavaThread "Timer-0" daemon [_thread_blocked, id=23854, stack(0x7ccaf000,0x7cd00000)]
  0x7c907400 JavaThread "process reaper" daemon [_thread_blocked, id=23852, stack(0x7caee000,0x7caff000)]
  0x7d578400 JavaThread "Service Thread" daemon [_thread_blocked, id=23849, stack(0x7d08a000,0x7d0db000)]
  0x7d576800 JavaThread "C2 CompilerThread1" daemon [_thread_blocked, id=23848, stack(0x7d0db000,0x7d15c000)]
  0x7d574800 JavaThread "C2 CompilerThread0" daemon [_thread_blocked, id=23847, stack(0x7d15c000,0x7d1dd000)]
  0x7d572c00 JavaThread "Signal Dispatcher" daemon [_thread_blocked, id=23846, stack(0x7fb2e000,0x7fb7f000)]
  0x7d538000 JavaThread "Finalizer" daemon [_thread_blocked, id=23845, stack(0x7d3dd000,0x7d42e000)]
  0x7d536400 JavaThread "Reference Handler" daemon [_thread_blocked, id=23844, stack(0x7d42e000,0x7d47f000)]
=>0xb6707000 JavaThread "main" [_thread_in_native, id=23836, stack(0xb68bb000,0xb690c000)]

Other Threads:
  0x7d530c00 VMThread [stack: 0x7d47f000,0x7d500000] [id=23843]
  0x7d57a000 WatcherThread [stack: 0x7d009000,0x7d08a000] [id=23850]

VM state:not at safepoint (normal execution)

VM Mutex/Monitor currently owned by a thread: None

Heap
 PSYoungGen      total 26304K, used 10126K [0xa39a0000, 0xa5540000, 0xb3640000)
  eden space 24320K, 33% used [0xa39a0000,0xa4196048,0xa5160000)
  from space 1984K, 99% used [0xa5350000,0xa553d9f8,0xa5540000)
  to   space 1984K, 0% used [0xa5160000,0xa5160000,0xa5350000)
 ParOldGen       total 32320K, used 5170K [0x84040000, 0x85fd0000, 0xa39a0000)
  object space 32320K, 15% used [0x84040000,0x8454ca28,0x85fd0000)
 PSPermGen       total 16384K, used 13632K [0x80040000, 0x81040000, 0x84040000)
  object space 16384K, 83% used [0x80040000,0x80d90068,0x81040000)

Card table byte_map: [0x7fea4000,0x80040000] byte_map_base: 0x7faa3e00

Polling page: 0xb774b000

Code Cache  [0xb3700000, 0xb3940000, 0xb6700000)
 total_blobs=304 nmethods=97 adapters=159 free_code_cache=48619Kb largest_free_block=49773120

Compilation events (10 events):
Event: 2.366 Thread 0x7d576800   93             java.lang.StringBuilder::append (8 bytes)
Event: 2.368 Thread 0x7d576800 nmethod 93 0xb3780988 code [0xb3780aa0, 0xb3780d70]
Event: 2.369 Thread 0x7d576800   94             java.lang.CharacterData::of (120 bytes)
Event: 2.370 Thread 0x7d576800 nmethod 94 0xb377dec8 code [0xb377dfc0, 0xb377e090]
Event: 2.413 Thread 0x7d576800   95             java.lang.reflect.Method::getName (5 bytes)
Event: 2.414 Thread 0x7d576800 nmethod 95 0xb3781608 code [0xb37816e0, 0xb3781730]
Event: 2.421 Thread 0x7d576800   96             java.lang.System::getSecurityManager (4 bytes)
Event: 2.421 Thread 0x7d576800 nmethod 96 0xb37814c8 code [0xb37815a0, 0xb37815d0]
Event: 2.421 Thread 0x7d576800   97             sun.reflect.generics.parser.SignatureParser::advance (37 bytes)
Event: 2.422 Thread 0x7d576800 nmethod 97 0xb3780808 code [0xb37808e0, 0xb3780930]

GC Heap History (8 events):
Event: 0.633 GC heap before
{Heap before GC invocations=1 (full 0):
 PSYoungGen      total 14144K, used 12154K [0xa39a0000, 0xa4960000, 0xb3640000)
  eden space 12160K, 99% used [0xa39a0000,0xa457e870,0xa4580000)
  from space 1984K, 0% used [0xa4770000,0xa4770000,0xa4960000)
  to   space 1984K, 0% used [0xa4580000,0xa4580000,0xa4770000)
 ParOldGen       total 32320K, used 0K [0x84040000, 0x85fd0000, 0xa39a0000)
  object space 32320K, 0% used [0x84040000,0x84040000,0x85fd0000)
 PSPermGen       total 16384K, used 5039K [0x80040000, 0x81040000, 0x84040000)
  object space 16384K, 30% used [0x80040000,0x8052bde0,0x81040000)
Event: 0.638 GC heap after
Heap after GC invocations=1 (full 0):
 PSYoungGen      total 14144K, used 1980K [0xa39a0000, 0xa4960000, 0xb3640000)
  eden space 12160K, 0% used [0xa39a0000,0xa39a0000,0xa4580000)
  from space 1984K, 99% used [0xa4580000,0xa476f048,0xa4770000)
  to   space 1984K, 0% used [0xa4770000,0xa4770000,0xa4960000)
 ParOldGen       total 32320K, used 447K [0x84040000, 0x85fd0000, 0xa39a0000)
  object space 32320K, 1% used [0x84040000,0x840aff08,0x85fd0000)
 PSPermGen       total 16384K, used 5039K [0x80040000, 0x81040000, 0x84040000)
  object space 16384K, 30% used [0x80040000,0x8052bde0,0x81040000)
}
Event: 1.045 GC heap before
{Heap before GC invocations=2 (full 0):
 PSYoungGen      total 14144K, used 14131K [0xa39a0000, 0xa4960000, 0xb3640000)
  eden space 12160K, 99% used [0xa39a0000,0xa457ded8,0xa4580000)
  from space 1984K, 99% used [0xa4580000,0xa476f048,0xa4770000)
  to   space 1984K, 0% used [0xa4770000,0xa4770000,0xa4960000)
 ParOldGen       total 32320K, used 447K [0x84040000, 0x85fd0000, 0xa39a0000)
  object space 32320K, 1% used [0x84040000,0x840aff08,0x85fd0000)
 PSPermGen       total 16384K, used 6884K [0x80040000, 0x81040000, 0x84040000)
  object space 16384K, 42% used [0x80040000,0x806f9310,0x81040000)
Event: 1.050 GC heap after
Heap after GC invocations=2 (full 0):
 PSYoungGen      total 14144K, used 1968K [0xa39a0000, 0xa4960000, 0xb3640000)
  eden space 12160K, 0% used [0xa39a0000,0xa39a0000,0xa4580000)
  from space 1984K, 99% used [0xa4770000,0xa495c068,0xa4960000)
  to   space 1984K, 0% used [0xa4580000,0xa4580000,0xa4770000)
 ParOldGen       total 32320K, used 1511K [0x84040000, 0x85fd0000, 0xa39a0000)
  object space 32320K, 4% used [0x84040000,0x841b9ef8,0x85fd0000)
 PSPermGen       total 16384K, used 6884K [0x80040000, 0x81040000, 0x84040000)
  object space 16384K, 42% used [0x80040000,0x806f9310,0x81040000)
}
Event: 1.480 GC heap before
{Heap before GC invocations=3 (full 0):
 PSYoungGen      total 14144K, used 14128K [0xa39a0000, 0xa4960000, 0xb3640000)
  eden space 12160K, 100% used [0xa39a0000,0xa4580000,0xa4580000)
  from space 1984K, 99% used [0xa4770000,0xa495c068,0xa4960000)
  to   space 1984K, 0% used [0xa4580000,0xa4580000,0xa4770000)
 ParOldGen       total 32320K, used 1511K [0x84040000, 0x85fd0000, 0xa39a0000)
  object space 32320K, 4% used [0x84040000,0x841b9ef8,0x85fd0000)
 PSPermGen       total 16384K, used 9361K [0x80040000, 0x81040000, 0x84040000)
  object space 16384K, 57% used [0x80040000,0x809646c0,0x81040000)
Event: 1.486 GC heap after
Heap after GC invocations=3 (full 0):
 PSYoungGen      total 14144K, used 1976K [0xa39a0000, 0xa5540000, 0xb3640000)
  eden space 12160K, 0% used [0xa39a0000,0xa39a0000,0xa4580000)
  from space 1984K, 99% used [0xa4580000,0xa476e010,0xa4770000)
  to   space 1984K, 0% used [0xa5350000,0xa5350000,0xa5540000)
 ParOldGen       total 32320K, used 2824K [0x84040000, 0x85fd0000, 0xa39a0000)
  object space 32320K, 8% used [0x84040000,0x84302240,0x85fd0000)
 PSPermGen       total 16384K, used 9361K [0x80040000, 0x81040000, 0x84040000)
  object space 16384K, 57% used [0x80040000,0x809646c0,0x81040000)
}
Event: 2.077 GC heap before
{Heap before GC invocations=4 (full 0):
 PSYoungGen      total 14144K, used 14102K [0xa39a0000, 0xa5540000, 0xb3640000)
  eden space 12160K, 99% used [0xa39a0000,0xa4577a70,0xa4580000)
  from space 1984K, 99% used [0xa4580000,0xa476e010,0xa4770000)
  to   space 1984K, 0% used [0xa5350000,0xa5350000,0xa5540000)
 ParOldGen       total 32320K, used 2824K [0x84040000, 0x85fd0000, 0xa39a0000)
  object space 32320K, 8% used [0x84040000,0x84302240,0x85fd0000)
 PSPermGen       total 16384K, used 12206K [0x80040000, 0x81040000, 0x84040000)
  object space 16384K, 74% used [0x80040000,0x80c2b920,0x81040000)
Event: 2.092 GC heap after
Heap after GC invocations=4 (full 0):
 PSYoungGen      total 26304K, used 1974K [0xa39a0000, 0xa5540000, 0xb3640000)
  eden space 24320K, 0% used [0xa39a0000,0xa39a0000,0xa5160000)
  from space 1984K, 99% used [0xa5350000,0xa553d9f8,0xa5540000)
  to   space 1984K, 0% used [0xa5160000,0xa5160000,0xa5350000)
 ParOldGen       total 32320K, used 5170K [0x84040000, 0x85fd0000, 0xa39a0000)
  object space 32320K, 15% used [0x84040000,0x8454ca28,0x85fd0000)
 PSPermGen       total 16384K, used 12206K [0x80040000, 0x81040000, 0x84040000)
  object space 16384K, 74% used [0x80040000,0x80c2b920,0x81040000)
}

Deoptimization events (10 events):
Event: 1.272 Thread 0xb6707000 Uncommon trap -34 fr.pc 0xb374aa88
Event: 1.272 Thread 0xb6707000 Uncommon trap -34 fr.pc 0xb374aa88
Event: 1.276 Thread 0xb6707000 Uncommon trap -83 fr.pc 0xb3757160
Event: 1.283 Thread 0xb6707000 Uncommon trap -34 fr.pc 0xb374aa88
Event: 1.283 Thread 0xb6707000 Uncommon trap -34 fr.pc 0xb374aa88
Event: 1.666 Thread 0xb6707000 Uncommon trap -34 fr.pc 0xb37584f4
Event: 1.675 Thread 0xb6707000 Uncommon trap -34 fr.pc 0xb37584f4
Event: 1.689 Thread 0xb6707000 Uncommon trap -83 fr.pc 0xb374cc58
Event: 1.986 Thread 0xb6707000 Uncommon trap 45 fr.pc 0xb3755ed4
Event: 2.346 Thread 0xb6707000 Uncommon trap -83 fr.pc 0xb375bfc8

Internal exceptions (10 events):
Event: 2.410 Thread 0xb6707000 Threw 0xa4054bc0 at /HUDSON/workspace/jdk7u21-2-build-linux-i586-product/jdk7u21/hotspot/src/share/vm/prims/jvm.cpp:1166
Event: 2.411 Thread 0xb6707000 Threw 0xa40599e8 at /HUDSON/workspace/jdk7u21-2-build-linux-i586-product/jdk7u21/hotspot/src/share/vm/prims/jvm.cpp:1166
Event: 2.411 Thread 0xb6707000 Threw 0xa405c328 at /HUDSON/workspace/jdk7u21-2-build-linux-i586-product/jdk7u21/hotspot/src/share/vm/prims/jvm.cpp:1166
Event: 2.411 Thread 0xb6707000 Threw 0xa4060790 at /HUDSON/workspace/jdk7u21-2-build-linux-i586-product/jdk7u21/hotspot/src/share/vm/prims/jvm.cpp:1166
Event: 2.412 Thread 0xb6707000 Threw 0xa40ad6e0 at /HUDSON/workspace/jdk7u21-2-build-linux-i586-product/jdk7u21/hotspot/src/share/vm/prims/jvm.cpp:1166
Event: 2.425 Thread 0xb6707000 Threw 0xa4118458 at /HUDSON/workspace/jdk7u21-2-build-linux-i586-product/jdk7u21/hotspot/src/share/vm/prims/jvm.cpp:1166
Event: 2.426 Thread 0xb6707000 Threw 0xa411cac0 at /HUDSON/workspace/jdk7u21-2-build-linux-i586-product/jdk7u21/hotspot/src/share/vm/prims/jvm.cpp:1166
Event: 2.426 Thread 0xb6707000 Threw 0xa411fb20 at /HUDSON/workspace/jdk7u21-2-build-linux-i586-product/jdk7u21/hotspot/src/share/vm/prims/jvm.cpp:1166
Event: 2.427 Thread 0xb6707000 Threw 0xa4122ac8 at /HUDSON/workspace/jdk7u21-2-build-linux-i586-product/jdk7u21/hotspot/src/share/vm/prims/jvm.cpp:1166
Event: 2.428 Thread 0xb6707000 Threw 0xa41258c8 at /HUDSON/workspace/jdk7u21-2-build-linux-i586-product/jdk7u21/hotspot/src/share/vm/prims/jvm.cpp:1166

Events (10 events):
Event: 2.427 loading class 0x7cba0500 done
Event: 2.427 Thread 0x7c37c400 Thread added: 0x7c37c400
Event: 2.428 loading class 0x7cba0588
Event: 2.428 loading class 0x7cba0588 done
Event: 2.428 loading class 0x7cd2e168
Event: 2.428 loading class 0x7cd2e168 done
Event: 2.428 loading class 0x7c37d488
Event: 2.428 loading class 0x7c37d488 done
Event: 2.429 loading class 0x7c37d458
Event: 2.429 loading class 0x7c37d458 done


Dynamic libraries:
08048000-08049000 r-xp 00000000 08:01 407612     /usr/lib/jvm/jdk1.7.0/bin/java
08049000-0804a000 rw-p 00000000 08:01 407612     /usr/lib/jvm/jdk1.7.0/bin/java
0823e000-085f3000 rw-p 00000000 00:00 0          [heap]
7c0be000-7c200000 rw-p 00000000 00:00 0 
7c200000-7c2db000 rw-p 00000000 00:00 0 
7c2db000-7c300000 ---p 00000000 00:00 0 
7c300000-7c3fa000 rw-p 00000000 00:00 0 
7c3fa000-7c400000 ---p 00000000 00:00 0 
7c400000-7c4bc000 rw-p 00000000 00:00 0 
7c4bc000-7c500000 ---p 00000000 00:00 0 
7c56c000-7c600000 rw-p 00000000 00:00 0 
7c600000-7c6f9000 rw-p 00000000 00:00 0 
7c6f9000-7c700000 ---p 00000000 00:00 0 
7c75c000-7c7ad000 rw-p 00000000 00:00 0          [stack:23860]
7c7ad000-7c7b0000 ---p 00000000 00:00 0 
7c7b0000-7c7fe000 rw-p 00000000 00:00 0          [stack:23859]
7c7fe000-7c800000 r--s 00019000 08:01 550512     /usr/lib/jvm/jdk1.7.0/jre/lib/jce.jar
7c800000-7c900000 rw-p 00000000 00:00 0 
7c900000-7c9fe000 rw-p 00000000 00:00 0 
7c9fe000-7ca00000 ---p 00000000 00:00 0 
7ca4c000-7ca4f000 ---p 00000000 00:00 0 
7ca4f000-7ca9d000 rw-p 00000000 00:00 0          [stack:23858]
7ca9d000-7caa0000 ---p 00000000 00:00 0 
7caa0000-7caee000 rw-p 00000000 00:00 0          [stack:23857]
7caee000-7caf1000 ---p 00000000 00:00 0 
7caf1000-7caff000 rw-p 00000000 00:00 0          [stack:23852]
7caff000-7cb00000 r--p 00000000 00:00 0 
7cb00000-7cbf9000 rw-p 00000000 00:00 0 
7cbf9000-7cc00000 ---p 00000000 00:00 0 
7cc05000-7cc08000 ---p 00000000 00:00 0 
7cc08000-7cc56000 rw-p 00000000 00:00 0          [stack:23856]
7cc56000-7cc59000 ---p 00000000 00:00 0 
7cc59000-7cca7000 rw-p 00000000 00:00 0          [stack:23855]
7cca7000-7ccae000 r-xp 00000000 08:01 550258     /usr/lib/jvm/jdk1.7.0/jre/lib/i386/libmanagement.so
7ccae000-7ccaf000 rw-p 00006000 08:01 550258     /usr/lib/jvm/jdk1.7.0/jre/lib/i386/libmanagement.so
7ccaf000-7ccb2000 ---p 00000000 00:00 0 
7ccb2000-7cd00000 rw-p 00000000 00:00 0          [stack:23854]
7cd00000-7ce00000 rw-p 00000000 00:00 0 
7ce1f000-7ce2d000 r-xp 00000000 08:01 550272     /usr/lib/jvm/jdk1.7.0/jre/lib/i386/libnio.so
7ce2d000-7ce2e000 rw-p 0000e000 08:01 550272     /usr/lib/jvm/jdk1.7.0/jre/lib/i386/libnio.so
7ce2e000-7ce42000 r-xp 00000000 08:01 550263     /usr/lib/jvm/jdk1.7.0/jre/lib/i386/libnet.so
7ce42000-7ce43000 rw-p 00014000 08:01 550263     /usr/lib/jvm/jdk1.7.0/jre/lib/i386/libnet.so
7ce43000-7ce4d000 r--s 00254000 08:01 550209     /usr/lib/jvm/jdk1.7.0/jre/lib/resources.jar
7ce4d000-7ce57000 r--s 000b0000 08:01 417119     /home/student/floodlight/lib/org.restlet-2.2M3.jar
7ce57000-7ce5a000 r--s 00019000 08:01 416314     /home/student/floodlight/lib/org.easymock-3.1.jar
7ce5a000-7ce5c000 r--s 00007000 08:01 416313     /home/student/floodlight/lib/objenesis-1.2.jar
7ce5c000-7ce6b000 r--s 000b3000 08:01 416312     /home/student/floodlight/lib/netty-3.2.6.Final.jar
7ce6b000-7cf00000 r--s 0093a000 08:01 416307     /home/student/floodlight/lib/jython-2.5.2.jar
7cf00000-7cffb000 rw-p 00000000 00:00 0 
7cffb000-7d000000 ---p 00000000 00:00 0 
7d008000-7d009000 rw-p 00000000 00:00 0 
7d009000-7d00a000 ---p 00000000 00:00 0 
7d00a000-7d08a000 rw-p 00000000 00:00 0          [stack:23850]
7d08a000-7d08d000 ---p 00000000 00:00 0 
7d08d000-7d0db000 rw-p 00000000 00:00 0          [stack:23849]
7d0db000-7d0de000 ---p 00000000 00:00 0 
7d0de000-7d15c000 rw-p 00000000 00:00 0          [stack:23848]
7d15c000-7d15f000 ---p 00000000 00:00 0 
7d15f000-7d1dd000 rw-p 00000000 00:00 0          [stack:23847]
7d1dd000-7d3dd000 r--p 00000000 08:01 657751     /usr/lib/locale/locale-archive
7d3dd000-7d3e0000 ---p 00000000 00:00 0 
7d3e0000-7d42e000 rw-p 00000000 00:00 0          [stack:23845]
7d42e000-7d431000 ---p 00000000 00:00 0 
7d431000-7d47f000 rw-p 00000000 00:00 0          [stack:23844]
7d47f000-7d480000 ---p 00000000 00:00 0 
7d480000-7d500000 rw-p 00000000 00:00 0          [stack:23843]
7d500000-7d5ff000 rw-p 00000000 00:00 0 
7d5ff000-7d600000 ---p 00000000 00:00 0 
7d600000-7d602000 rw-p 00000000 00:00 0 
7d602000-7d604000 r--s 00005000 08:01 416321     /home/student/floodlight/lib/slf4j-api-1.6.4.jar
7d604000-7d60a000 r--s 00035000 08:01 417121     /home/student/floodlight/lib/simple-5.1.1.jar
7d60a000-7d60b000 r--s 00000000 08:01 416318     /home/student/floodlight/lib/org.restlet.ext.slf4j-2.2M3.jar
7d60b000-7d613000 r--s 00049000 08:01 416311     /home/student/floodlight/lib/logback-core-1.0.0.jar
7d613000-7d619000 r--s 00037000 08:01 416310     /home/student/floodlight/lib/logback-classic-1.0.0.jar
7d619000-7d620000 r--s 0004e000 08:01 417133     /home/student/floodlight/lib/libthrift-0.9.0.jar
7d620000-7d626000 r--s 00034000 08:01 416306     /home/student/floodlight/lib/junit-4.8.2.jar
7d626000-7d62e000 r--s 0004e000 08:01 417117     /home/student/floodlight/lib/jackson-dataformat-yaml-2.1.4.jar
7d62e000-7d630000 r--s 00012000 08:01 417135     /home/student/floodlight/lib/jackson-dataformat-xml-2.1.4.jar
7d630000-7d641000 r--s 000d2000 08:01 417124     /home/student/floodlight/lib/jackson-databind-2.1.4.jar
7d641000-7d68c000 rw-p 00000000 00:00 0 
7d68c000-7d849000 r--s 039de000 08:01 549726     /usr/lib/jvm/jdk1.7.0/jre/lib/rt.jar
7d849000-7fa00000 rw-p 00000000 00:00 0 
7fa00000-7fafc000 rw-p 00000000 00:00 0 
7fafc000-7fb00000 ---p 00000000 00:00 0 
7fb00000-7fb01000 r--s 00002000 08:01 417134     /home/student/floodlight/lib/org.restlet.ext.simple-2.2M3.jar
7fb01000-7fb02000 r--s 00010000 08:01 417127     /home/student/floodlight/lib/jackson-dataformat-smile-2.1.4.jar
7fb02000-7fb04000 r--s 00011000 08:01 417113     /home/student/floodlight/lib/jackson-dataformat-csv-2.1.4.jar
7fb04000-7fb08000 r--s 0002f000 08:01 417146     /home/student/floodlight/lib/jackson-core-2.1.4.jar
7fb08000-7fb0a000 r--s 00007000 08:01 417128     /home/student/floodlight/lib/jackson-annotations-2.1.4.jar
7fb0a000-7fb2e000 r--s 001aa000 08:01 416303     /home/student/floodlight/lib/guava-13.0.1.jar
7fb2e000-7fb31000 ---p 00000000 00:00 0 
7fb31000-7fb7f000 rw-p 00000000 00:00 0          [stack:23846]
7fb7f000-7fb80000 ---p 00000000 00:00 0 
7fb80000-7fc00000 rw-p 00000000 00:00 0          [stack:23842]
7fc00000-7fc21000 rw-p 00000000 00:00 0 
7fc21000-7fd00000 ---p 00000000 00:00 0 
7fd00000-7fd02000 r--s 00006000 08:01 416298     /home/student/floodlight/lib/findbugs-jsr305-2.0.1.jar
7fd02000-7fd06000 r--s 0000f000 08:01 416297     /home/student/floodlight/lib/findbugs-annotations-2.0.1.jar
7fd06000-7fd07000 ---p 00000000 00:00 0 
7fd07000-7fd8f000 rw-p 00000000 00:00 0          [stack:23839]
7fd8f000-7fda7000 rw-p 00000000 00:00 0 
7fda7000-7fdb7000 rw-p 00000000 00:00 0 
7fdb7000-7fea4000 rw-p 00000000 00:00 0 
7fea4000-7feac000 rw-p 00000000 00:00 0 
7feac000-7fec4000 rw-p 00000000 00:00 0 
7fec4000-7fed4000 rw-p 00000000 00:00 0 
7fed4000-7ffc0000 rw-p 00000000 00:00 0 
7ffc0000-7ffcf000 rw-p 00000000 00:00 0 
7ffcf000-8003f000 rw-p 00000000 00:00 0 
8003f000-81040000 rw-p 00000000 00:00 0 
81040000-84040000 rw-p 00000000 00:00 0 
84040000-85fd0000 rw-p 00000000 00:00 0 
85fd0000-a39a0000 rw-p 00000000 00:00 0 
a39a0000-a5540000 rw-p 00000000 00:00 0 
a5540000-b3640000 rw-p 00000000 00:00 0 
b3640000-b3649000 rw-p 00000000 00:00 0 
b3649000-b3700000 rw-p 00000000 00:00 0 
b3700000-b3940000 rwxp 00000000 00:00 0 
b3940000-b67f8000 rw-p 00000000 00:00 0 
b67f8000-b6800000 ---p 00000000 00:00 0 
b6800000-b6829000 r--s 0026c000 08:01 417138     /home/student/floodlight/lib/derby-10.9.1.0.jar
b6829000-b6840000 r-xp 00000000 08:01 550286     /usr/lib/jvm/jdk1.7.0/jre/lib/i386/libzip.so
b6840000-b6841000 rw-p 00017000 08:01 550286     /usr/lib/jvm/jdk1.7.0/jre/lib/i386/libzip.so
b6841000-b684c000 r-xp 00000000 08:01 260195     /lib/i386-linux-gnu/libnss_files-2.15.so
b684c000-b684d000 r--p 0000a000 08:01 260195     /lib/i386-linux-gnu/libnss_files-2.15.so
b684d000-b684e000 rw-p 0000b000 08:01 260195     /lib/i386-linux-gnu/libnss_files-2.15.so
b684e000-b6858000 r-xp 00000000 08:01 260203     /lib/i386-linux-gnu/libnss_nis-2.15.so
b6858000-b6859000 r--p 00009000 08:01 260203     /lib/i386-linux-gnu/libnss_nis-2.15.so
b6859000-b685a000 rw-p 0000a000 08:01 260203     /lib/i386-linux-gnu/libnss_nis-2.15.so
b685a000-b6870000 r-xp 00000000 08:01 260147     /lib/i386-linux-gnu/libnsl-2.15.so
b6870000-b6871000 r--p 00015000 08:01 260147     /lib/i386-linux-gnu/libnsl-2.15.so
b6871000-b6872000 rw-p 00016000 08:01 260147     /lib/i386-linux-gnu/libnsl-2.15.so
b6872000-b6874000 rw-p 00000000 00:00 0 
b6874000-b687b000 r-xp 00000000 08:01 260198     /lib/i386-linux-gnu/libnss_compat-2.15.so
b687b000-b687c000 r--p 00006000 08:01 260198     /lib/i386-linux-gnu/libnss_compat-2.15.so
b687c000-b687d000 rw-p 00007000 08:01 260198     /lib/i386-linux-gnu/libnss_compat-2.15.so
b687d000-b6880000 r--s 0000b000 08:01 416296     /home/student/floodlight/lib/concurrentlinkedhashmap-lru-1.2.jar
b6880000-b6886000 r--s 0004a000 08:01 416294     /home/student/floodlight/lib/cglib-nodep-2.2.2.jar
b6886000-b688e000 rw-s 00000000 08:01 12823      /tmp/hsperfdata_student/23834
b688e000-b68b1000 r-xp 00000000 08:01 550248     /usr/lib/jvm/jdk1.7.0/jre/lib/i386/libjava.so
b68b1000-b68b2000 rw-p 00023000 08:01 550248     /usr/lib/jvm/jdk1.7.0/jre/lib/i386/libjava.so
b68b2000-b68b9000 r-xp 00000000 08:01 260202     /lib/i386-linux-gnu/librt-2.15.so
b68b9000-b68ba000 r--p 00006000 08:01 260202     /lib/i386-linux-gnu/librt-2.15.so
b68ba000-b68bb000 rw-p 00007000 08:01 260202     /lib/i386-linux-gnu/librt-2.15.so
b68bb000-b68be000 ---p 00000000 00:00 0 
b68be000-b690c000 rw-p 00000000 00:00 0          [stack:23836]
b690c000-b6936000 r-xp 00000000 08:01 260197     /lib/i386-linux-gnu/libm-2.15.so
b6936000-b6937000 r--p 00029000 08:01 260197     /lib/i386-linux-gnu/libm-2.15.so
b6937000-b6938000 rw-p 0002a000 08:01 260197     /lib/i386-linux-gnu/libm-2.15.so
b6938000-b70f3000 r-xp 00000000 08:01 550285     /usr/lib/jvm/jdk1.7.0/jre/lib/i386/server/libjvm.so
b70f3000-b7145000 rw-p 007bb000 08:01 550285     /usr/lib/jvm/jdk1.7.0/jre/lib/i386/server/libjvm.so
b7145000-b7568000 rw-p 00000000 00:00 0 
b7568000-b770b000 r-xp 00000000 08:01 260182     /lib/i386-linux-gnu/libc-2.15.so
b770b000-b770c000 ---p 001a3000 08:01 260182     /lib/i386-linux-gnu/libc-2.15.so
b770c000-b770e000 r--p 001a3000 08:01 260182     /lib/i386-linux-gnu/libc-2.15.so
b770e000-b770f000 rw-p 001a5000 08:01 260182     /lib/i386-linux-gnu/libc-2.15.so
b770f000-b7712000 rw-p 00000000 00:00 0 
b7712000-b7715000 r-xp 00000000 08:01 260189     /lib/i386-linux-gnu/libdl-2.15.so
b7715000-b7716000 r--p 00002000 08:01 260189     /lib/i386-linux-gnu/libdl-2.15.so
b7716000-b7717000 rw-p 00003000 08:01 260189     /lib/i386-linux-gnu/libdl-2.15.so
b7717000-b772a000 r-xp 00000000 08:01 550252     /usr/lib/jvm/jdk1.7.0/jre/lib/i386/jli/libjli.so
b772a000-b772b000 rw-p 00012000 08:01 550252     /usr/lib/jvm/jdk1.7.0/jre/lib/i386/jli/libjli.so
b772b000-b772c000 rw-p 00000000 00:00 0 
b772c000-b7743000 r-xp 00000000 08:01 260196     /lib/i386-linux-gnu/libpthread-2.15.so
b7743000-b7744000 r--p 00016000 08:01 260196     /lib/i386-linux-gnu/libpthread-2.15.so
b7744000-b7745000 rw-p 00017000 08:01 260196     /lib/i386-linux-gnu/libpthread-2.15.so
b7745000-b7747000 rw-p 00000000 00:00 0 
b7747000-b7748000 r--s 00001000 08:01 417136     /home/student/floodlight/lib/org.restlet.ext.jackson-2.2M3.jar
b7748000-b774a000 r--s 0000c000 08:01 416291     /home/student/floodlight/lib/args4j-2.0.16.jar
b774a000-b774b000 rw-p 00000000 00:00 0 
b774b000-b774c000 r--p 00000000 00:00 0 
b774c000-b7757000 r-xp 00000000 08:01 550230     /usr/lib/jvm/jdk1.7.0/jre/lib/i386/libverify.so
b7757000-b7758000 rw-p 0000b000 08:01 550230     /usr/lib/jvm/jdk1.7.0/jre/lib/i386/libverify.so
b7758000-b775a000 rw-p 00000000 00:00 0 
b775a000-b775b000 r-xp 00000000 00:00 0          [vdso]
b775b000-b777b000 r-xp 00000000 08:01 260201     /lib/i386-linux-gnu/ld-2.15.so
b777b000-b777c000 r--p 0001f000 08:01 260201     /lib/i386-linux-gnu/ld-2.15.so
b777c000-b777d000 rw-p 00020000 08:01 260201     /lib/i386-linux-gnu/ld-2.15.so
bfc3e000-bfc5f000 rw-p 00000000 00:00 0          [stack]

VM Arguments:
jvm_args: -Dlogback.configurationFile=logback.xml -Dfile.encoding=UTF-8 
java_command: net.floodlightcontroller.core.Main
Launcher Type: SUN_STANDARD

Environment Variables:
PATH=/usr/lib/lightdm/lightdm:/usr/local/sbin:/usr/local/bin:/usr/sbin:/usr/bin:/sbin:/bin:/usr/games:/usr/local/games
LD_LIBRARY_PATH=/usr/lib/jvm/jdk1.7.0/jre/lib/i386/server:/usr/lib/jvm/jdk1.7.0/jre/lib/i386:/usr/lib/jvm/jdk1.7.0/jre/../lib/i386:/usr/lib/jvm/jdk1.7.0/jre/lib/i386/client:/usr/lib/jvm/jdk1.7.0/jre/lib/i386:
SHELL=/bin/bash
DISPLAY=:0.0

Signal Handlers:
SIGSEGV: [libjvm.so+0x722ea0], sa_mask[0]=0x7ffbfeff, sa_flags=0x10000004
SIGBUS: [libjvm.so+0x722ea0], sa_mask[0]=0x7ffbfeff, sa_flags=0x10000004
SIGFPE: [libjvm.so+0x5dbc80], sa_mask[0]=0x7ffbfeff, sa_flags=0x10000004
SIGPIPE: [libjvm.so+0x5dbc80], sa_mask[0]=0x7ffbfeff, sa_flags=0x10000004
SIGXFSZ: [libjvm.so+0x5dbc80], sa_mask[0]=0x7ffbfeff, sa_flags=0x10000004
SIGILL: [libjvm.so+0x5dbc80], sa_mask[0]=0x7ffbfeff, sa_flags=0x10000004
SIGUSR1: SIG_DFL, sa_mask[0]=0x00000000, sa_flags=0x00000000
SIGUSR2: [libjvm.so+0x5db560], sa_mask[0]=0x00000004, sa_flags=0x10000004
SIGHUP: [libjvm.so+0x5ddb50], sa_mask[0]=0x7ffbfeff, sa_flags=0x10000004
SIGINT: [libjvm.so+0x5ddb50], sa_mask[0]=0x7ffbfeff, sa_flags=0x10000004
SIGTERM: [libjvm.so+0x5ddb50], sa_mask[0]=0x7ffbfeff, sa_flags=0x10000004
SIGQUIT: [libjvm.so+0x5ddb50], sa_mask[0]=0x7ffbfeff, sa_flags=0x10000004


---------------  S Y S T E M  ---------------

OS:wheezy/sid

uname:Linux 3.5.0-32-generic #53-Ubuntu SMP Wed May 29 20:22:58 UTC 2013 i686
libc:glibc 2.15 NPTL 2.15 
rlimit: STACK 8192k, CORE 0k, NPROC 24101, NOFILE 4096, AS infinity
load average:2.57 1.99 0.92

/proc/meminfo:
MemTotal:        3100596 kB
MemFree:         1658260 kB
Buffers:          109780 kB
Cached:           577764 kB
SwapCached:            0 kB
Active:           898360 kB
Inactive:         418652 kB
Active(anon):     639128 kB
Inactive(anon):     3616 kB
Active(file):     259232 kB
Inactive(file):   415036 kB
Unevictable:       38256 kB
Mlocked:           38256 kB
HighTotal:       2229192 kB
HighFree:         972452 kB
LowTotal:         871404 kB
LowFree:          685808 kB
SwapTotal:       1603580 kB
SwapFree:        1603580 kB
Dirty:               368 kB
Writeback:             0 kB
AnonPages:        667856 kB
Mapped:           107044 kB
Shmem:              4440 kB
Slab:              62332 kB
SReclaimable:      43080 kB
SUnreclaim:        19252 kB
KernelStack:        3960 kB
PageTables:         7612 kB
NFS_Unstable:          0 kB
Bounce:                0 kB
WritebackTmp:          0 kB
CommitLimit:     3153876 kB
Committed_AS:    1873040 kB
VmallocTotal:     122880 kB
VmallocUsed:       33504 kB
VmallocChunk:      86900 kB
HardwareCorrupted:     0 kB
AnonHugePages:         0 kB
HugePages_Total:       0
HugePages_Free:        0
HugePages_Rsvd:        0
HugePages_Surp:        0
Hugepagesize:       2048 kB
DirectMap4k:       12280 kB
DirectMap2M:      901120 kB


CPU:total 2 (2 cores per cpu, 1 threads per core) family 6 model 45 stepping 7, cmov, cx8, fxsr, mmx, sse, sse2, sse3, ssse3, tsc

/proc/cpuinfo:
processor	: 0
vendor_id	: GenuineIntel
cpu family	: 6
model		: 45
model name	: Intel(R) Xeon(R) CPU E5-1620 0 @ 3.60GHz
stepping	: 7
cpu MHz		: 3555.854
cache size	: 6144 KB
physical id	: 0
siblings	: 2
core id		: 0
cpu cores	: 2
apicid		: 0
initial apicid	: 0
fdiv_bug	: no
hlt_bug		: no
f00f_bug	: no
coma_bug	: no
fpu		: yes
fpu_exception	: yes
cpuid level	: 5
wp		: yes
flags		: fpu vme de pse tsc msr pae mce cx8 apic sep mtrr pge mca cmov pat pse36 clflush mmx fxsr sse sse2 ht syscall nx rdtscp lm constant_tsc pni ssse3 lahf_lm
bogomips	: 7111.70
clflush size	: 64
cache_alignment	: 64
address sizes	: 46 bits physical, 48 bits virtual
power management:

processor	: 1
vendor_id	: GenuineIntel
cpu family	: 6
model		: 45
model name	: Intel(R) Xeon(R) CPU E5-1620 0 @ 3.60GHz
stepping	: 7
cpu MHz		: 3555.854
cache size	: 6144 KB
physical id	: 0
siblings	: 2
core id		: 1
cpu cores	: 2
apicid		: 1
initial apicid	: 1
fdiv_bug	: no
hlt_bug		: no
f00f_bug	: no
coma_bug	: no
fpu		: yes
fpu_exception	: yes
cpuid level	: 5
wp		: yes
flags		: fpu vme de pse tsc msr pae mce cx8 apic sep mtrr pge mca cmov pat pse36 clflush mmx fxsr sse sse2 ht syscall nx rdtscp lm constant_tsc pni ssse3 lahf_lm
bogomips	: 7111.70
clflush size	: 64
cache_alignment	: 64
address sizes	: 46 bits physical, 48 bits virtual
power management:



Memory: 4k page, physical 3100596k(1658260k free), swap 1603580k(1603580k free)

vm_info: Java HotSpot(TM) Server VM (23.21-b01) for linux-x86 JRE (1.7.0_21-b11), built on Apr  4 2013 04:20:11 by "java_re" with gcc 4.3.0 20080428 (Red Hat 4.3.0-8)

time: Mon Jul 22 07:55:28 2013
elapsed time: 2 seconds

