#
# A fatal error has been detected by the Java Runtime Environment:
#
#  SIGSEGV (0xb) at pc=0x7d05e654, pid=5324, tid=3063462720
#
# JRE version: 7.0_21-b11
# Java VM: Java HotSpot(TM) Server VM (23.21-b01 mixed mode linux-x86 )
# Problematic frame:
# C  [libnet.so+0x14654]  _fini+0x1d0c
#
# Failed to write core dump. Core dumps have been disabled. To enable core dumping, try "ulimit -c unlimited" before starting Java again
#
# If you would like to submit a bug report, please visit:
#   http://bugreport.sun.com/bugreport/crash.jsp
# The crash happened outside the Java Virtual Machine in native code.
# See problematic frame for where to report the bug.
#

---------------  T H R E A D  ---------------

Current thread (0xb6807000):  JavaThread "main" [_thread_in_native, id=5326, stack(0xb693b000,0xb698c000)]

siginfo:si_signo=SIGSEGV: si_errno=0, si_code=2 (SEGV_ACCERR), si_addr=0x7d05e654

Registers:
EAX=0xb698ad28, EBX=0x7d05e200, ECX=0xb698ad2d, EDX=0x7d05cd08
ESP=0xb698ac74, EBP=0xb698add8, ESI=0xb698ad50, EDI=0x7c36d050
EIP=0x7d05e654, EFLAGS=0x00010246, CR2=0x7d05e654

Top of Stack: (sp=0xb698ac74)
0xb698ac74:   7d05e5d8 000002d8 7d04f011 7c36d050
0xb698ac84:   7d05cd08 b698ad28 b698ad2d b698ad32
0xb698ac94:   b698ad37 b698ad3c b698ad41 b698ad46
0xb698aca4:   b698ad4b b698adbc b698adc8 b698adc4
0xb698acb4:   b698adc0 b698ad97 00000000 00000000
0xb698acc4:   00000000 7d05ccee b698adac b698ad97
0xb698acd4:   b698adc8 b698adc4 b698adc0 7d05cd08
0xb698ace4:   b698adbc b698ad28 7c36cca0 b6807128 

Instructions: (pc=0x7d05e654)
0x7d05e634:   00 00 00 00 00 00 00 00 00 00 00 00 00 00 00 00
0x7d05e644:   00 00 00 00 00 00 00 00 00 00 00 00 00 00 00 00
0x7d05e654:   00 00 00 00 30 34 32 38 20 28 52 65 64 20 48 61
0x7d05e664:   74 20 34 2e 33 2e 30 2d 38 29 00 00 47 43 43 3a 

Register to memory mapping:

EAX=0xb698ad28 is pointing into the stack for thread: 0xb6807000
EBX=0x7d05e200: <offset 0x14200> in /usr/lib/jvm/jdk1.7.0/jre/lib/i386/libnet.so at 0x7d04a000
ECX=0xb698ad2d is pointing into the stack for thread: 0xb6807000
EDX=0x7d05cd08: <offset 0x12d08> in /usr/lib/jvm/jdk1.7.0/jre/lib/i386/libnet.so at 0x7d04a000
ESP=0xb698ac74 is pointing into the stack for thread: 0xb6807000
EBP=0xb698add8 is pointing into the stack for thread: 0xb6807000
ESI=0xb698ad50 is pointing into the stack for thread: 0xb6807000
EDI=0x7c36d050 is an unknown value


Stack: [0xb693b000,0xb698c000],  sp=0xb698ac74,  free space=319k
Native frames: (J=compiled Java code, j=interpreted, Vv=VM code, C=native code)
C  [libnet.so+0x14654]  _fini+0x1d0c
C  [libnet.so+0x58b0]  Java_java_net_NetworkInterface_getAll+0x10
j  java.net.NetworkInterface.getAll()[Ljava/net/NetworkInterface;+0
j  java.net.NetworkInterface.getNetworkInterfaces()Ljava/util/Enumeration;+0
j  net.floodlightcontroller.linkdiscovery.internal.LinkDiscoveryManager.setControllerTLV()V+20
j  net.floodlightcontroller.linkdiscovery.internal.LinkDiscoveryManager.startUp(Lnet/floodlightcontroller/core/module/FloodlightModuleContext;)V+378
j  net.floodlightcontroller.core.module.FloodlightModuleLoader.startupModules(Ljava/util/Collection;)V+104
j  net.floodlightcontroller.core.module.FloodlightModuleLoader.loadModulesFromList(Ljava/util/Collection;Ljava/util/Properties;Ljava/util/Collection;)Lnet/floodlightcontroller/core/module/IFloodlightModuleContext;+787
j  net.floodlightcontroller.core.module.FloodlightModuleLoader.loadModulesFromList(Ljava/util/Collection;Ljava/util/Properties;)Lnet/floodlightcontroller/core/module/IFloodlightModuleContext;+4
j  net.floodlightcontroller.core.module.FloodlightModuleLoader.loadModulesFromConfig(Ljava/lang/String;)Lnet/floodlightcontroller/core/module/IFloodlightModuleContext;+91
j  net.floodlightcontroller.core.Main.main([Ljava/lang/String;)V+58
v  ~StubRoutines::call_stub
V  [libjvm.so+0x412f65]  JavaCalls::call_helper(JavaValue*, methodHandle*, JavaCallArguments*, Thread*)+0x315
V  [libjvm.so+0x5d9f79]  os::os_exception_wrapper(void (*)(JavaValue*, methodHandle*, JavaCallArguments*, Thread*), JavaValue*, methodHandle*, JavaCallArguments*, Thread*)+0x19
V  [libjvm.so+0x411d7f]  JavaCalls::call(JavaValue*, methodHandle, JavaCallArguments*, Thread*)+0x2f
V  [libjvm.so+0x42582a]  jni_invoke_static(JNIEnv_*, JavaValue*, _jobject*, JNICallType, _jmethodID*, JNI_ArgumentPusher*, Thread*)+0x23a
V  [libjvm.so+0x43009b]  jni_CallStaticVoidMethod+0xbb
C  [libjli.so+0x2e8d]  JavaMain+0x8bd
C  [libpthread.so.0+0x6d4c]  start_thread+0xcc

Java frames: (J=compiled Java code, j=interpreted, Vv=VM code)
j  java.net.NetworkInterface.getAll()[Ljava/net/NetworkInterface;+0
j  java.net.NetworkInterface.getNetworkInterfaces()Ljava/util/Enumeration;+0
j  net.floodlightcontroller.linkdiscovery.internal.LinkDiscoveryManager.setControllerTLV()V+20
j  net.floodlightcontroller.linkdiscovery.internal.LinkDiscoveryManager.startUp(Lnet/floodlightcontroller/core/module/FloodlightModuleContext;)V+378
j  net.floodlightcontroller.core.module.FloodlightModuleLoader.startupModules(Ljava/util/Collection;)V+104
j  net.floodlightcontroller.core.module.FloodlightModuleLoader.loadModulesFromList(Ljava/util/Collection;Ljava/util/Properties;Ljava/util/Collection;)Lnet/floodlightcontroller/core/module/IFloodlightModuleContext;+787
j  net.floodlightcontroller.core.module.FloodlightModuleLoader.loadModulesFromList(Ljava/util/Collection;Ljava/util/Properties;)Lnet/floodlightcontroller/core/module/IFloodlightModuleContext;+4
j  net.floodlightcontroller.core.module.FloodlightModuleLoader.loadModulesFromConfig(Ljava/lang/String;)Lnet/floodlightcontroller/core/module/IFloodlightModuleContext;+91
j  net.floodlightcontroller.core.Main.main([Ljava/lang/String;)V+58
v  ~StubRoutines::call_stub

---------------  P R O C E S S  ---------------

Java Threads: ( => current thread )
  0x7c36ac00 JavaThread "Topology Updates" [_thread_blocked, id=5350, stack(0x7c16b000,0x7c1bc000)]
  0x7c369800 JavaThread "Scheduled-3" [_thread_blocked, id=5349, stack(0x7c1bc000,0x7c20d000)]
  0x7c368c00 JavaThread "Scheduled-2" [_thread_blocked, id=5348, stack(0x7c20d000,0x7c25e000)]
  0x7c365800 JavaThread "Scheduled-1" [_thread_blocked, id=5347, stack(0x7c25e000,0x7c2af000)]
  0x7c363400 JavaThread "Scheduled-0" [_thread_blocked, id=5346, stack(0x7c2af000,0x7c300000)]
  0x7c531000 JavaThread "derby.rawStoreDaemon" daemon [_thread_blocked, id=5345, stack(0x7c6af000,0x7c700000)]
  0x7c8e8800 JavaThread "Timer-0" daemon [_thread_blocked, id=5344, stack(0x7ce1a000,0x7ce6b000)]
  0x7c819400 JavaThread "process reaper" daemon [_thread_blocked, id=5342, stack(0x7d02a000,0x7d03b000)]
  0x7fb78400 JavaThread "Service Thread" daemon [_thread_blocked, id=5339, stack(0x7d17a000,0x7d1cb000)]
  0x7fb76800 JavaThread "C2 CompilerThread1" daemon [_thread_blocked, id=5338, stack(0x7d1cb000,0x7d24c000)]
  0x7fb74800 JavaThread "C2 CompilerThread0" daemon [_thread_blocked, id=5337, stack(0x7d24c000,0x7d2cd000)]
  0x7fb72c00 JavaThread "Signal Dispatcher" daemon [_thread_blocked, id=5336, stack(0x7d2cd000,0x7d31e000)]
  0x7fb38000 JavaThread "Finalizer" daemon [_thread_blocked, id=5335, stack(0x7d51e000,0x7d56f000)]
  0x7fb36400 JavaThread "Reference Handler" daemon [_thread_blocked, id=5334, stack(0x7d56f000,0x7d5c0000)]
=>0xb6807000 JavaThread "main" [_thread_in_native, id=5326, stack(0xb693b000,0xb698c000)]

Other Threads:
  0x7fb30c00 VMThread [stack: 0x7d5c0000,0x7d641000] [id=5333]
  0x7fb7a000 WatcherThread [stack: 0x7d0f9000,0x7d17a000] [id=5340]

VM state:not at safepoint (normal execution)

VM Mutex/Monitor currently owned by a thread: None

Heap
 PSYoungGen      total 14144K, used 9563K [0xa3a30000, 0xa49f0000, 0xb36d0000)
  eden space 12160K, 62% used [0xa3a30000,0xa4199740,0xa4610000)
  from space 1984K, 99% used [0xa4800000,0xa49ed4d8,0xa49f0000)
  to   space 1984K, 0% used [0xa4610000,0xa4610000,0xa4800000)
 ParOldGen       total 32320K, used 5091K [0x840d0000, 0x86060000, 0xa3a30000)
  object space 32320K, 15% used [0x840d0000,0x845c8fe8,0x86060000)
 PSPermGen       total 16384K, used 13634K [0x800d0000, 0x810d0000, 0x840d0000)
  object space 16384K, 83% used [0x800d0000,0x80e20878,0x810d0000)

Card table byte_map: [0x7ff34000,0x800d0000] byte_map_base: 0x7fb33980

Polling page: 0xb77cb000

Code Cache  [0xb379b000, 0xb39db000, 0xb679b000)
 total_blobs=308 nmethods=101 adapters=159 free_code_cache=48598Kb largest_free_block=49748608

Compilation events (10 events):
Event: 1.818 Thread 0x7fb74800   98             java.lang.StringBuilder::append (8 bytes)
Event: 1.821 Thread 0x7fb74800 nmethod 98 0xb3827088 code [0xb38271a0, 0xb3827470]
Event: 1.821 Thread 0x7fb76800   97             java.lang.CharacterData::of (120 bytes)
Event: 1.821 Thread 0x7fb76800 nmethod 97 0xb3826e08 code [0xb3826f00, 0xb3826fd0]
Event: 1.856 Thread 0x7fb74800   99             java.lang.reflect.Method::getName (5 bytes)
Event: 1.856 Thread 0x7fb74800 nmethod 99 0xb3827d08 code [0xb3827de0, 0xb3827e30]
Event: 1.863 Thread 0x7fb74800  100             java.lang.System::getSecurityManager (4 bytes)
Event: 1.863 Thread 0x7fb74800 nmethod 100 0xb3818688 code [0xb3818760, 0xb3818790]
Event: 1.863 Thread 0x7fb74800  101             sun.reflect.generics.parser.SignatureParser::advance (37 bytes)
Event: 1.864 Thread 0x7fb74800 nmethod 101 0xb3826c88 code [0xb3826d60, 0xb3826db0]

GC Heap History (8 events):
Event: 0.501 GC heap before
{Heap before GC invocations=1 (full 0):
 PSYoungGen      total 14144K, used 12160K [0xa3a30000, 0xa49f0000, 0xb36d0000)
  eden space 12160K, 100% used [0xa3a30000,0xa4610000,0xa4610000)
  from space 1984K, 0% used [0xa4800000,0xa4800000,0xa49f0000)
  to   space 1984K, 0% used [0xa4610000,0xa4610000,0xa4800000)
 ParOldGen       total 32320K, used 0K [0x840d0000, 0x86060000, 0xa3a30000)
  object space 32320K, 0% used [0x840d0000,0x840d0000,0x86060000)
 PSPermGen       total 16384K, used 5047K [0x800d0000, 0x810d0000, 0x840d0000)
  object space 16384K, 30% used [0x800d0000,0x805bdcc8,0x810d0000)
Event: 0.504 GC heap after
Heap after GC invocations=1 (full 0):
 PSYoungGen      total 14144K, used 1979K [0xa3a30000, 0xa49f0000, 0xb36d0000)
  eden space 12160K, 0% used [0xa3a30000,0xa3a30000,0xa4610000)
  from space 1984K, 99% used [0xa4610000,0xa47fefc0,0xa4800000)
  to   space 1984K, 0% used [0xa4800000,0xa4800000,0xa49f0000)
 ParOldGen       total 32320K, used 430K [0x840d0000, 0x86060000, 0xa3a30000)
  object space 32320K, 1% used [0x840d0000,0x8413b958,0x86060000)
 PSPermGen       total 16384K, used 5047K [0x800d0000, 0x810d0000, 0x840d0000)
  object space 16384K, 30% used [0x800d0000,0x805bdcc8,0x810d0000)
}
Event: 0.790 GC heap before
{Heap before GC invocations=2 (full 0):
 PSYoungGen      total 14144K, used 14139K [0xa3a30000, 0xa49f0000, 0xb36d0000)
  eden space 12160K, 100% used [0xa3a30000,0xa4610000,0xa4610000)
  from space 1984K, 99% used [0xa4610000,0xa47fefc0,0xa4800000)
  to   space 1984K, 0% used [0xa4800000,0xa4800000,0xa49f0000)
 ParOldGen       total 32320K, used 430K [0x840d0000, 0x86060000, 0xa3a30000)
  object space 32320K, 1% used [0x840d0000,0x8413b958,0x86060000)
 PSPermGen       total 16384K, used 6901K [0x800d0000, 0x810d0000, 0x840d0000)
  object space 16384K, 42% used [0x800d0000,0x8078d588,0x810d0000)
Event: 0.793 GC heap after
Heap after GC invocations=2 (full 0):
 PSYoungGen      total 14144K, used 1969K [0xa3a30000, 0xa49f0000, 0xb36d0000)
  eden space 12160K, 0% used [0xa3a30000,0xa3a30000,0xa4610000)
  from space 1984K, 99% used [0xa4800000,0xa49ec478,0xa49f0000)
  to   space 1984K, 0% used [0xa4610000,0xa4610000,0xa4800000)
 ParOldGen       total 32320K, used 1477K [0x840d0000, 0x86060000, 0xa3a30000)
  object space 32320K, 4% used [0x840d0000,0x84241688,0x86060000)
 PSPermGen       total 16384K, used 6901K [0x800d0000, 0x810d0000, 0x840d0000)
  object space 16384K, 42% used [0x800d0000,0x8078d588,0x810d0000)
}
Event: 1.110 GC heap before
{Heap before GC invocations=3 (full 0):
 PSYoungGen      total 14144K, used 14129K [0xa3a30000, 0xa49f0000, 0xb36d0000)
  eden space 12160K, 100% used [0xa3a30000,0xa4610000,0xa4610000)
  from space 1984K, 99% used [0xa4800000,0xa49ec478,0xa49f0000)
  to   space 1984K, 0% used [0xa4610000,0xa4610000,0xa4800000)
 ParOldGen       total 32320K, used 1477K [0x840d0000, 0x86060000, 0xa3a30000)
  object space 32320K, 4% used [0x840d0000,0x84241688,0x86060000)
 PSPermGen       total 16384K, used 9364K [0x800d0000, 0x810d0000, 0x840d0000)
  object space 16384K, 57% used [0x800d0000,0x809f50e0,0x810d0000)
Event: 1.114 GC heap after
Heap after GC invocations=3 (full 0):
 PSYoungGen      total 14144K, used 1983K [0xa3a30000, 0xa49f0000, 0xb36d0000)
  eden space 12160K, 0% used [0xa3a30000,0xa3a30000,0xa4610000)
  from space 1984K, 99% used [0xa4610000,0xa47ffd98,0xa4800000)
  to   space 1984K, 0% used [0xa4800000,0xa4800000,0xa49f0000)
 ParOldGen       total 32320K, used 2738K [0x840d0000, 0x86060000, 0xa3a30000)
  object space 32320K, 8% used [0x840d0000,0x8437c9d0,0x86060000)
 PSPermGen       total 16384K, used 9364K [0x800d0000, 0x810d0000, 0x840d0000)
  object space 16384K, 57% used [0x800d0000,0x809f50e0,0x810d0000)
}
Event: 1.621 GC heap before
{Heap before GC invocations=4 (full 0):
 PSYoungGen      total 14144K, used 14075K [0xa3a30000, 0xa49f0000, 0xb36d0000)
  eden space 12160K, 99% used [0xa3a30000,0xa45feed8,0xa4610000)
  from space 1984K, 99% used [0xa4610000,0xa47ffd98,0xa4800000)
  to   space 1984K, 0% used [0xa4800000,0xa4800000,0xa49f0000)
 ParOldGen       total 32320K, used 2738K [0x840d0000, 0x86060000, 0xa3a30000)
  object space 32320K, 8% used [0x840d0000,0x8437c9d0,0x86060000)
 PSPermGen       total 16384K, used 12207K [0x800d0000, 0x810d0000, 0x840d0000)
  object space 16384K, 74% used [0x800d0000,0x80cbbf28,0x810d0000)
Event: 1.626 GC heap after
Heap after GC invocations=4 (full 0):
 PSYoungGen      total 14144K, used 1973K [0xa3a30000, 0xa49f0000, 0xb36d0000)
  eden space 12160K, 0% used [0xa3a30000,0xa3a30000,0xa4610000)
  from space 1984K, 99% used [0xa4800000,0xa49ed4d8,0xa49f0000)
  to   space 1984K, 0% used [0xa4610000,0xa4610000,0xa4800000)
 ParOldGen       total 32320K, used 5091K [0x840d0000, 0x86060000, 0xa3a30000)
  object space 32320K, 15% used [0x840d0000,0x845c8fe8,0x86060000)
 PSPermGen       total 16384K, used 12207K [0x800d0000, 0x810d0000, 0x840d0000)
  object space 16384K, 74% used [0x800d0000,0x80cbbf28,0x810d0000)
}

Deoptimization events (8 events):
Event: 0.537 Thread 0xb6807000 Uncommon trap -34 fr.pc 0xb37e7dd0
Event: 0.924 Thread 0xb6807000 Uncommon trap -83 fr.pc 0xb38080f8
Event: 0.951 Thread 0xb6807000 Uncommon trap -83 fr.pc 0xb37f21e0
Event: 1.276 Thread 0xb6807000 Uncommon trap -34 fr.pc 0xb37f33f4
Event: 1.313 Thread 0xb6807000 Uncommon trap -34 fr.pc 0xb37f33f4
Event: 1.321 Thread 0xb6807000 Uncommon trap -83 fr.pc 0xb37ec8d8
Event: 1.575 Thread 0xb6807000 Uncommon trap 45 fr.pc 0xb37e6f94
Event: 1.801 Thread 0xb6807000 Uncommon trap -83 fr.pc 0xb37f9548

Internal exceptions (10 events):
Event: 1.852 Thread 0xb6807000 Threw 0xa40e3b78 at /HUDSON/workspace/jdk7u21-2-build-linux-i586-product/jdk7u21/hotspot/src/share/vm/prims/jvm.cpp:1166
Event: 1.853 Thread 0xb6807000 Threw 0xa40e89a0 at /HUDSON/workspace/jdk7u21-2-build-linux-i586-product/jdk7u21/hotspot/src/share/vm/prims/jvm.cpp:1166
Event: 1.853 Thread 0xb6807000 Threw 0xa40eb2e0 at /HUDSON/workspace/jdk7u21-2-build-linux-i586-product/jdk7u21/hotspot/src/share/vm/prims/jvm.cpp:1166
Event: 1.853 Thread 0xb6807000 Threw 0xa40ef748 at /HUDSON/workspace/jdk7u21-2-build-linux-i586-product/jdk7u21/hotspot/src/share/vm/prims/jvm.cpp:1166
Event: 1.854 Thread 0xb6807000 Threw 0xa40ff908 at /HUDSON/workspace/jdk7u21-2-build-linux-i586-product/jdk7u21/hotspot/src/share/vm/prims/jvm.cpp:1166
Event: 1.866 Thread 0xb6807000 Threw 0xa4188e70 at /HUDSON/workspace/jdk7u21-2-build-linux-i586-product/jdk7u21/hotspot/src/share/vm/prims/jvm.cpp:1166
Event: 1.867 Thread 0xb6807000 Threw 0xa418d3f8 at /HUDSON/workspace/jdk7u21-2-build-linux-i586-product/jdk7u21/hotspot/src/share/vm/prims/jvm.cpp:1166
Event: 1.868 Thread 0xb6807000 Threw 0xa4190458 at /HUDSON/workspace/jdk7u21-2-build-linux-i586-product/jdk7u21/hotspot/src/share/vm/prims/jvm.cpp:1166
Event: 1.868 Thread 0xb6807000 Threw 0xa4193068 at /HUDSON/workspace/jdk7u21-2-build-linux-i586-product/jdk7u21/hotspot/src/share/vm/prims/jvm.cpp:1166
Event: 1.869 Thread 0xb6807000 Threw 0xa4195e98 at /HUDSON/workspace/jdk7u21-2-build-linux-i586-product/jdk7u21/hotspot/src/share/vm/prims/jvm.cpp:1166

Events (10 events):
Event: 1.868 loading class 0x7cab8580 done
Event: 1.869 Thread 0x7c36ac00 Thread added: 0x7c36ac00
Event: 1.869 loading class 0x7cab8608
Event: 1.869 loading class 0x7cab8608 done
Event: 1.870 loading class 0x7cd84fe0
Event: 1.870 loading class 0x7cd84fe0 done
Event: 1.870 loading class 0x7c36c070
Event: 1.870 loading class 0x7c36c070 done
Event: 1.870 loading class 0x7c36c040
Event: 1.870 loading class 0x7c36c040 done


Dynamic libraries:
08048000-08049000 r-xp 00000000 08:01 407612     /usr/lib/jvm/jdk1.7.0/bin/java
08049000-0804a000 rw-p 00000000 08:01 407612     /usr/lib/jvm/jdk1.7.0/bin/java
08561000-0889e000 rw-p 00000000 00:00 0          [heap]
7c02b000-7c16b000 rw-p 00000000 00:00 0 
7c16b000-7c16e000 ---p 00000000 00:00 0 
7c16e000-7c1bc000 rw-p 00000000 00:00 0          [stack:5350]
7c1bc000-7c1bf000 ---p 00000000 00:00 0 
7c1bf000-7c20d000 rw-p 00000000 00:00 0          [stack:5349]
7c20d000-7c210000 ---p 00000000 00:00 0 
7c210000-7c25e000 rw-p 00000000 00:00 0          [stack:5348]
7c25e000-7c261000 ---p 00000000 00:00 0 
7c261000-7c2af000 rw-p 00000000 00:00 0          [stack:5347]
7c2af000-7c2b2000 ---p 00000000 00:00 0 
7c2b2000-7c300000 rw-p 00000000 00:00 0          [stack:5346]
7c300000-7c4f9000 rw-p 00000000 00:00 0 
7c4f9000-7c500000 ---p 00000000 00:00 0 
7c500000-7c5ff000 rw-p 00000000 00:00 0 
7c5ff000-7c600000 ---p 00000000 00:00 0 
7c61b000-7c6af000 rw-p 00000000 00:00 0 
7c6af000-7c6b2000 ---p 00000000 00:00 0 
7c6b2000-7c700000 rw-p 00000000 00:00 0          [stack:5345]
7c700000-7c79c000 rw-p 00000000 00:00 0 
7c79c000-7c800000 ---p 00000000 00:00 0 
7c800000-7c8ff000 rw-p 00000000 00:00 0 
7c8ff000-7c900000 ---p 00000000 00:00 0 
7c900000-7c9fc000 rw-p 00000000 00:00 0 
7c9fc000-7ca00000 ---p 00000000 00:00 0 
7ca00000-7caff000 rw-p 00000000 00:00 0 
7caff000-7cb00000 ---p 00000000 00:00 0 
7cb00000-7cbfe000 rw-p 00000000 00:00 0 
7cbfe000-7cc00000 ---p 00000000 00:00 0 
7cc00000-7ccf0000 rw-p 00000000 00:00 0 
7ccf0000-7cd00000 ---p 00000000 00:00 0 
7cd00000-7cdf9000 rw-p 00000000 00:00 0 
7cdf9000-7ce00000 ---p 00000000 00:00 0 
7ce12000-7ce19000 r-xp 00000000 08:01 550258     /usr/lib/jvm/jdk1.7.0/jre/lib/i386/libmanagement.so
7ce19000-7ce1a000 rw-p 00006000 08:01 550258     /usr/lib/jvm/jdk1.7.0/jre/lib/i386/libmanagement.so
7ce1a000-7ce1d000 ---p 00000000 00:00 0 
7ce1d000-7ce6b000 rw-p 00000000 00:00 0          [stack:5344]
7ce6b000-7cf00000 r--s 0093a000 08:01 416307     /home/student/floodlight/lib/jython-2.5.2.jar
7cf00000-7cffe000 rw-p 00000000 00:00 0 
7cffe000-7d000000 ---p 00000000 00:00 0 
7d026000-7d02a000 rw-p 00000000 00:00 0 
7d02a000-7d02d000 ---p 00000000 00:00 0 
7d02d000-7d03b000 rw-p 00000000 00:00 0          [stack:5342]
7d03b000-7d049000 r-xp 00000000 08:01 550272     /usr/lib/jvm/jdk1.7.0/jre/lib/i386/libnio.so
7d049000-7d04a000 rw-p 0000e000 08:01 550272     /usr/lib/jvm/jdk1.7.0/jre/lib/i386/libnio.so
7d04a000-7d05e000 r-xp 00000000 08:01 550263     /usr/lib/jvm/jdk1.7.0/jre/lib/i386/libnet.so
7d05e000-7d05f000 rw-p 00014000 08:01 550263     /usr/lib/jvm/jdk1.7.0/jre/lib/i386/libnet.so
7d05f000-7d069000 r--s 00254000 08:01 550209     /usr/lib/jvm/jdk1.7.0/jre/lib/resources.jar
7d069000-7d06f000 r--s 00035000 08:01 417121     /home/student/floodlight/lib/simple-5.1.1.jar
7d06f000-7d070000 r--s 00000000 08:01 416318     /home/student/floodlight/lib/org.restlet.ext.slf4j-2.2M3.jar
7d070000-7d071000 r--s 00002000 08:01 417134     /home/student/floodlight/lib/org.restlet.ext.simple-2.2M3.jar
7d071000-7d072000 r--s 00001000 08:01 417136     /home/student/floodlight/lib/org.restlet.ext.jackson-2.2M3.jar
7d072000-7d07c000 r--s 000b0000 08:01 417119     /home/student/floodlight/lib/org.restlet-2.2M3.jar
7d07c000-7d08b000 r--s 000b3000 08:01 416312     /home/student/floodlight/lib/netty-3.2.6.Final.jar
7d08b000-7d093000 r--s 00049000 08:01 416311     /home/student/floodlight/lib/logback-core-1.0.0.jar
7d093000-7d095000 r--s 00011000 08:01 417113     /home/student/floodlight/lib/jackson-dataformat-csv-2.1.4.jar
7d095000-7d0a6000 r--s 000d2000 08:01 417124     /home/student/floodlight/lib/jackson-databind-2.1.4.jar
7d0a6000-7d0aa000 r--s 0002f000 08:01 417146     /home/student/floodlight/lib/jackson-core-2.1.4.jar
7d0aa000-7d0ac000 r--s 00007000 08:01 417128     /home/student/floodlight/lib/jackson-annotations-2.1.4.jar
7d0ac000-7d0d0000 r--s 001aa000 08:01 416303     /home/student/floodlight/lib/guava-13.0.1.jar
7d0d0000-7d0f9000 r--s 0026c000 08:01 417138     /home/student/floodlight/lib/derby-10.9.1.0.jar
7d0f9000-7d0fa000 ---p 00000000 00:00 0 
7d0fa000-7d17a000 rw-p 00000000 00:00 0          [stack:5340]
7d17a000-7d17d000 ---p 00000000 00:00 0 
7d17d000-7d1cb000 rw-p 00000000 00:00 0          [stack:5339]
7d1cb000-7d1ce000 ---p 00000000 00:00 0 
7d1ce000-7d24c000 rw-p 00000000 00:00 0          [stack:5338]
7d24c000-7d24f000 ---p 00000000 00:00 0 
7d24f000-7d2cd000 rw-p 00000000 00:00 0          [stack:5337]
7d2cd000-7d2d0000 ---p 00000000 00:00 0 
7d2d0000-7d31e000 rw-p 00000000 00:00 0          [stack:5336]
7d31e000-7d51e000 r--p 00000000 08:01 657751     /usr/lib/locale/locale-archive
7d51e000-7d521000 ---p 00000000 00:00 0 
7d521000-7d56f000 rw-p 00000000 00:00 0          [stack:5335]
7d56f000-7d572000 ---p 00000000 00:00 0 
7d572000-7d5c0000 rw-p 00000000 00:00 0          [stack:5334]
7d5c0000-7d5c1000 ---p 00000000 00:00 0 
7d5c1000-7d68c000 rw-p 00000000 00:00 0          [stack:5333]
7d68c000-7d849000 r--s 039de000 08:01 549726     /usr/lib/jvm/jdk1.7.0/jre/lib/rt.jar
7d849000-7fa00000 rw-p 00000000 00:00 0 
7fa00000-7faed000 rw-p 00000000 00:00 0 
7faed000-7fb00000 ---p 00000000 00:00 0 
7fb00000-7fbfd000 rw-p 00000000 00:00 0 
7fbfd000-7fc00000 ---p 00000000 00:00 0 
7fc00000-7fc21000 rw-p 00000000 00:00 0 
7fc21000-7fd00000 ---p 00000000 00:00 0 
7fd00000-7fd02000 r--s 00019000 08:01 550512     /usr/lib/jvm/jdk1.7.0/jre/lib/jce.jar
7fd02000-7fd08000 r--s 00037000 08:01 416310     /home/student/floodlight/lib/logback-classic-1.0.0.jar
7fd08000-7fd0f000 r--s 0004e000 08:01 417133     /home/student/floodlight/lib/libthrift-0.9.0.jar
7fd0f000-7fd15000 r--s 00034000 08:01 416306     /home/student/floodlight/lib/junit-4.8.2.jar
7fd15000-7fd16000 ---p 00000000 00:00 0 
7fd16000-7fd96000 rw-p 00000000 00:00 0          [stack:5332]
7fd96000-7fd97000 ---p 00000000 00:00 0 
7fd97000-7fe1f000 rw-p 00000000 00:00 0          [stack:5329]
7fe1f000-7fe37000 rw-p 00000000 00:00 0 
7fe37000-7fe47000 rw-p 00000000 00:00 0 
7fe47000-7ff34000 rw-p 00000000 00:00 0 
7ff34000-7ff3c000 rw-p 00000000 00:00 0 
7ff3c000-7ff54000 rw-p 00000000 00:00 0 
7ff54000-7ff64000 rw-p 00000000 00:00 0 
7ff64000-80050000 rw-p 00000000 00:00 0 
80050000-80059000 rw-p 00000000 00:00 0 
80059000-800cf000 rw-p 00000000 00:00 0 
800cf000-810d0000 rw-p 00000000 00:00 0 
810d0000-840d0000 rw-p 00000000 00:00 0 
840d0000-86060000 rw-p 00000000 00:00 0 
86060000-a3a30000 rw-p 00000000 00:00 0 
a3a30000-a49f0000 rw-p 00000000 00:00 0 
a49f0000-b36d0000 rw-p 00000000 00:00 0 
b36d0000-b36d1000 rw-p 00000000 00:00 0 
b36d1000-b36d3000 r--s 00005000 08:01 416321     /home/student/floodlight/lib/slf4j-api-1.6.4.jar
b36d3000-b36db000 r--s 0004e000 08:01 417117     /home/student/floodlight/lib/jackson-dataformat-yaml-2.1.4.jar
b36db000-b36e4000 rw-p 00000000 00:00 0 
b36e4000-b379b000 rw-p 00000000 00:00 0 
b379b000-b39db000 rwxp 00000000 00:00 0 
b39db000-b679b000 rw-p 00000000 00:00 0 
b679b000-b67b2000 r-xp 00000000 08:01 550286     /usr/lib/jvm/jdk1.7.0/jre/lib/i386/libzip.so
b67b2000-b67b3000 rw-p 00017000 08:01 550286     /usr/lib/jvm/jdk1.7.0/jre/lib/i386/libzip.so
b67b3000-b67be000 r-xp 00000000 08:01 260195     /lib/i386-linux-gnu/libnss_files-2.15.so
b67be000-b67bf000 r--p 0000a000 08:01 260195     /lib/i386-linux-gnu/libnss_files-2.15.so
b67bf000-b67c0000 rw-p 0000b000 08:01 260195     /lib/i386-linux-gnu/libnss_files-2.15.so
b67c0000-b67ca000 r-xp 00000000 08:01 260203     /lib/i386-linux-gnu/libnss_nis-2.15.so
b67ca000-b67cb000 r--p 00009000 08:01 260203     /lib/i386-linux-gnu/libnss_nis-2.15.so
b67cb000-b67cc000 rw-p 0000a000 08:01 260203     /lib/i386-linux-gnu/libnss_nis-2.15.so
b67cc000-b67e2000 r-xp 00000000 08:01 260147     /lib/i386-linux-gnu/libnsl-2.15.so
b67e2000-b67e3000 r--p 00015000 08:01 260147     /lib/i386-linux-gnu/libnsl-2.15.so
b67e3000-b67e4000 rw-p 00016000 08:01 260147     /lib/i386-linux-gnu/libnsl-2.15.so
b67e4000-b67e6000 rw-p 00000000 00:00 0 
b67e6000-b67ed000 r-xp 00000000 08:01 260198     /lib/i386-linux-gnu/libnss_compat-2.15.so
b67ed000-b67ee000 r--p 00006000 08:01 260198     /lib/i386-linux-gnu/libnss_compat-2.15.so
b67ee000-b67ef000 rw-p 00007000 08:01 260198     /lib/i386-linux-gnu/libnss_compat-2.15.so
b67ef000-b67f0000 r--p 00000000 00:00 0 
b67f0000-b67f3000 r--s 00019000 08:01 416314     /home/student/floodlight/lib/org.easymock-3.1.jar
b67f3000-b67f5000 r--s 00007000 08:01 416313     /home/student/floodlight/lib/objenesis-1.2.jar
b67f5000-b67f7000 r--s 00012000 08:01 417135     /home/student/floodlight/lib/jackson-dataformat-xml-2.1.4.jar
b67f7000-b67f9000 r--s 00006000 08:01 416298     /home/student/floodlight/lib/findbugs-jsr305-2.0.1.jar
b67f9000-b67fd000 r--s 0000f000 08:01 416297     /home/student/floodlight/lib/findbugs-annotations-2.0.1.jar
b67fd000-b6800000 r--s 0000b000 08:01 416296     /home/student/floodlight/lib/concurrentlinkedhashmap-lru-1.2.jar
b6800000-b68f8000 rw-p 00000000 00:00 0 
b68f8000-b6900000 ---p 00000000 00:00 0 
b6900000-b6906000 r--s 0004a000 08:01 416294     /home/student/floodlight/lib/cglib-nodep-2.2.2.jar
b6906000-b690e000 rw-s 00000000 08:01 12853      /tmp/hsperfdata_student/5324
b690e000-b6931000 r-xp 00000000 08:01 550248     /usr/lib/jvm/jdk1.7.0/jre/lib/i386/libjava.so
b6931000-b6932000 rw-p 00023000 08:01 550248     /usr/lib/jvm/jdk1.7.0/jre/lib/i386/libjava.so
b6932000-b6939000 r-xp 00000000 08:01 260202     /lib/i386-linux-gnu/librt-2.15.so
b6939000-b693a000 r--p 00006000 08:01 260202     /lib/i386-linux-gnu/librt-2.15.so
b693a000-b693b000 rw-p 00007000 08:01 260202     /lib/i386-linux-gnu/librt-2.15.so
b693b000-b693e000 ---p 00000000 00:00 0 
b693e000-b698c000 rw-p 00000000 00:00 0          [stack:5326]
b698c000-b69b6000 r-xp 00000000 08:01 260197     /lib/i386-linux-gnu/libm-2.15.so
b69b6000-b69b7000 r--p 00029000 08:01 260197     /lib/i386-linux-gnu/libm-2.15.so
b69b7000-b69b8000 rw-p 0002a000 08:01 260197     /lib/i386-linux-gnu/libm-2.15.so
b69b8000-b7173000 r-xp 00000000 08:01 550285     /usr/lib/jvm/jdk1.7.0/jre/lib/i386/server/libjvm.so
b7173000-b71c5000 rw-p 007bb000 08:01 550285     /usr/lib/jvm/jdk1.7.0/jre/lib/i386/server/libjvm.so
b71c5000-b75e8000 rw-p 00000000 00:00 0 
b75e8000-b778b000 r-xp 00000000 08:01 260182     /lib/i386-linux-gnu/libc-2.15.so
b778b000-b778c000 ---p 001a3000 08:01 260182     /lib/i386-linux-gnu/libc-2.15.so
b778c000-b778e000 r--p 001a3000 08:01 260182     /lib/i386-linux-gnu/libc-2.15.so
b778e000-b778f000 rw-p 001a5000 08:01 260182     /lib/i386-linux-gnu/libc-2.15.so
b778f000-b7792000 rw-p 00000000 00:00 0 
b7792000-b7795000 r-xp 00000000 08:01 260189     /lib/i386-linux-gnu/libdl-2.15.so
b7795000-b7796000 r--p 00002000 08:01 260189     /lib/i386-linux-gnu/libdl-2.15.so
b7796000-b7797000 rw-p 00003000 08:01 260189     /lib/i386-linux-gnu/libdl-2.15.so
b7797000-b77aa000 r-xp 00000000 08:01 550252     /usr/lib/jvm/jdk1.7.0/jre/lib/i386/jli/libjli.so
b77aa000-b77ab000 rw-p 00012000 08:01 550252     /usr/lib/jvm/jdk1.7.0/jre/lib/i386/jli/libjli.so
b77ab000-b77ac000 rw-p 00000000 00:00 0 
b77ac000-b77c3000 r-xp 00000000 08:01 260196     /lib/i386-linux-gnu/libpthread-2.15.so
b77c3000-b77c4000 r--p 00016000 08:01 260196     /lib/i386-linux-gnu/libpthread-2.15.so
b77c4000-b77c5000 rw-p 00017000 08:01 260196     /lib/i386-linux-gnu/libpthread-2.15.so
b77c5000-b77c7000 rw-p 00000000 00:00 0 
b77c7000-b77c8000 r--s 00010000 08:01 417127     /home/student/floodlight/lib/jackson-dataformat-smile-2.1.4.jar
b77c8000-b77ca000 r--s 0000c000 08:01 416291     /home/student/floodlight/lib/args4j-2.0.16.jar
b77ca000-b77cb000 rw-p 00000000 00:00 0 
b77cb000-b77cc000 r--p 00000000 00:00 0 
b77cc000-b77d7000 r-xp 00000000 08:01 550230     /usr/lib/jvm/jdk1.7.0/jre/lib/i386/libverify.so
b77d7000-b77d8000 rw-p 0000b000 08:01 550230     /usr/lib/jvm/jdk1.7.0/jre/lib/i386/libverify.so
b77d8000-b77da000 rw-p 00000000 00:00 0 
b77da000-b77db000 r-xp 00000000 00:00 0          [vdso]
b77db000-b77fb000 r-xp 00000000 08:01 260201     /lib/i386-linux-gnu/ld-2.15.so
b77fb000-b77fc000 r--p 0001f000 08:01 260201     /lib/i386-linux-gnu/ld-2.15.so
b77fc000-b77fd000 rw-p 00020000 08:01 260201     /lib/i386-linux-gnu/ld-2.15.so
bfd7a000-bfd9b000 rw-p 00000000 00:00 0          [stack]

VM Arguments:
jvm_args: -Dlogback.configurationFile=logback.xml -Dfile.encoding=UTF-8 
java_command: net.floodlightcontroller.core.Main
Launcher Type: SUN_STANDARD

Environment Variables:
PATH=/usr/lib/lightdm/lightdm:/usr/local/sbin:/usr/local/bin:/usr/sbin:/usr/bin:/sbin:/bin:/usr/games:/usr/local/games
LD_LIBRARY_PATH=/usr/lib/jvm/jdk1.7.0/jre/lib/i386/server:/usr/lib/jvm/jdk1.7.0/jre/lib/i386:/usr/lib/jvm/jdk1.7.0/jre/../lib/i386:/usr/lib/jvm/jdk1.7.0/jre/lib/i386/client:/usr/lib/jvm/jdk1.7.0/jre/lib/i386:
SHELL=/bin/bash
DISPLAY=:0.0

Signal Handlers:
SIGSEGV: [libjvm.so+0x722ea0], sa_mask[0]=0x7ffbfeff, sa_flags=0x10000004
SIGBUS: [libjvm.so+0x722ea0], sa_mask[0]=0x7ffbfeff, sa_flags=0x10000004
SIGFPE: [libjvm.so+0x5dbc80], sa_mask[0]=0x7ffbfeff, sa_flags=0x10000004
SIGPIPE: [libjvm.so+0x5dbc80], sa_mask[0]=0x7ffbfeff, sa_flags=0x10000004
SIGXFSZ: [libjvm.so+0x5dbc80], sa_mask[0]=0x7ffbfeff, sa_flags=0x10000004
SIGILL: [libjvm.so+0x5dbc80], sa_mask[0]=0x7ffbfeff, sa_flags=0x10000004
SIGUSR1: SIG_DFL, sa_mask[0]=0x00000000, sa_flags=0x00000000
SIGUSR2: [libjvm.so+0x5db560], sa_mask[0]=0x00000004, sa_flags=0x10000004
SIGHUP: [libjvm.so+0x5ddb50], sa_mask[0]=0x7ffbfeff, sa_flags=0x10000004
SIGINT: [libjvm.so+0x5ddb50], sa_mask[0]=0x7ffbfeff, sa_flags=0x10000004
SIGTERM: [libjvm.so+0x5ddb50], sa_mask[0]=0x7ffbfeff, sa_flags=0x10000004
SIGQUIT: [libjvm.so+0x5ddb50], sa_mask[0]=0x7ffbfeff, sa_flags=0x10000004


---------------  S Y S T E M  ---------------

OS:wheezy/sid

uname:Linux 3.5.0-32-generic #53-Ubuntu SMP Wed May 29 20:22:58 UTC 2013 i686
libc:glibc 2.15 NPTL 2.15 
rlimit: STACK 8192k, CORE 0k, NPROC 24101, NOFILE 4096, AS infinity
load average:0.75 0.48 0.22

/proc/meminfo:
MemTotal:        3100596 kB
MemFree:         1273152 kB
Buffers:          131092 kB
Cached:           647576 kB
SwapCached:            0 kB
Active:          1213568 kB
Inactive:         489140 kB
Active(anon):     933672 kB
Inactive(anon):     4168 kB
Active(file):     279896 kB
Inactive(file):   484972 kB
Unevictable:       38256 kB
Mlocked:           38256 kB
HighTotal:       2229192 kB
HighFree:         606528 kB
LowTotal:         871404 kB
LowFree:          666624 kB
SwapTotal:       1603580 kB
SwapFree:        1603580 kB
Dirty:               308 kB
Writeback:             0 kB
AnonPages:        962244 kB
Mapped:           128036 kB
Shmem:              5012 kB
Slab:              60904 kB
SReclaimable:      43808 kB
SUnreclaim:        17096 kB
KernelStack:        3264 kB
PageTables:         8828 kB
NFS_Unstable:          0 kB
Bounce:                0 kB
WritebackTmp:          0 kB
CommitLimit:     3153876 kB
Committed_AS:    2410340 kB
VmallocTotal:     122880 kB
VmallocUsed:       33548 kB
VmallocChunk:      86900 kB
HardwareCorrupted:     0 kB
AnonHugePages:         0 kB
HugePages_Total:       0
HugePages_Free:        0
HugePages_Rsvd:        0
HugePages_Surp:        0
Hugepagesize:       2048 kB
DirectMap4k:       12280 kB
DirectMap2M:      901120 kB


CPU:total 2 (2 cores per cpu, 1 threads per core) family 6 model 45 stepping 7, cmov, cx8, fxsr, mmx, sse, sse2, sse3, ssse3, tsc

/proc/cpuinfo:
processor	: 0
vendor_id	: GenuineIntel
cpu family	: 6
model		: 45
model name	: Intel(R) Xeon(R) CPU E5-1620 0 @ 3.60GHz
stepping	: 7
cpu MHz		: 3555.854
cache size	: 6144 KB
physical id	: 0
siblings	: 2
core id		: 0
cpu cores	: 2
apicid		: 0
initial apicid	: 0
fdiv_bug	: no
hlt_bug		: no
f00f_bug	: no
coma_bug	: no
fpu		: yes
fpu_exception	: yes
cpuid level	: 5
wp		: yes
flags		: fpu vme de pse tsc msr pae mce cx8 apic sep mtrr pge mca cmov pat pse36 clflush mmx fxsr sse sse2 ht syscall nx rdtscp lm constant_tsc pni ssse3 lahf_lm
bogomips	: 7111.70
clflush size	: 64
cache_alignment	: 64
address sizes	: 46 bits physical, 48 bits virtual
power management:

processor	: 1
vendor_id	: GenuineIntel
cpu family	: 6
model		: 45
model name	: Intel(R) Xeon(R) CPU E5-1620 0 @ 3.60GHz
stepping	: 7
cpu MHz		: 3555.854
cache size	: 6144 KB
physical id	: 0
siblings	: 2
core id		: 1
cpu cores	: 2
apicid		: 1
initial apicid	: 1
fdiv_bug	: no
hlt_bug		: no
f00f_bug	: no
coma_bug	: no
fpu		: yes
fpu_exception	: yes
cpuid level	: 5
wp		: yes
flags		: fpu vme de pse tsc msr pae mce cx8 apic sep mtrr pge mca cmov pat pse36 clflush mmx fxsr sse sse2 ht syscall nx rdtscp lm constant_tsc pni ssse3 lahf_lm
bogomips	: 7111.70
clflush size	: 64
cache_alignment	: 64
address sizes	: 46 bits physical, 48 bits virtual
power management:



Memory: 4k page, physical 3100596k(1273152k free), swap 1603580k(1603580k free)

vm_info: Java HotSpot(TM) Server VM (23.21-b01) for linux-x86 JRE (1.7.0_21-b11), built on Apr  4 2013 04:20:11 by "java_re" with gcc 4.3.0 20080428 (Red Hat 4.3.0-8)

time: Mon Jul 22 11:46:09 2013
elapsed time: 1 seconds

