#
# A fatal error has been detected by the Java Runtime Environment:
#
#  SIGSEGV (0xb) at pc=0x7ce56654, pid=11399, tid=3063003968
#
# JRE version: 7.0_21-b11
# Java VM: Java HotSpot(TM) Server VM (23.21-b01 mixed mode linux-x86 )
# Problematic frame:
# C  [libnet.so+0x14654]  _fini+0x1d0c
#
# Failed to write core dump. Core dumps have been disabled. To enable core dumping, try "ulimit -c unlimited" before starting Java again
#
# If you would like to submit a bug report, please visit:
#   http://bugreport.sun.com/bugreport/crash.jsp
# The crash happened outside the Java Virtual Machine in native code.
# See problematic frame for where to report the bug.
#

---------------  T H R E A D  ---------------

Current thread (0xb6707000):  JavaThread "main" [_thread_in_native, id=11400, stack(0xb68cb000,0xb691c000)]

siginfo:si_signo=SIGSEGV: si_errno=0, si_code=2 (SEGV_ACCERR), si_addr=0x7ce56654

Registers:
EAX=0xb691ad28, EBX=0x7ce56200, ECX=0xb691ad2d, EDX=0x7ce54d08
ESP=0xb691ac74, EBP=0xb691add8, ESI=0xb691ad50, EDI=0x7c5a5b08
EIP=0x7ce56654, EFLAGS=0x00210246, CR2=0x7ce56654

Top of Stack: (sp=0xb691ac74)
0xb691ac74:   7ce565d8 000002d8 7ce47011 7c5a5b08
0xb691ac84:   7ce54d08 b691ad28 b691ad2d b691ad32
0xb691ac94:   b691ad37 b691ad3c b691ad41 b691ad46
0xb691aca4:   b691ad4b b691adbc b691adc8 b691adc4
0xb691acb4:   b691adc0 b691ad97 00000000 00000000
0xb691acc4:   00000000 7ce54cee b691adac b691ad97
0xb691acd4:   b691adc8 b691adc4 b691adc0 7ce54d08
0xb691ace4:   b691adbc b691ad28 7c5a5758 b6707128 

Instructions: (pc=0x7ce56654)
0x7ce56634:   00 00 00 00 00 00 00 00 00 00 00 00 00 00 00 00
0x7ce56644:   00 00 00 00 00 00 00 00 00 00 00 00 00 00 00 00
0x7ce56654:   00 00 00 00 30 34 32 38 20 28 52 65 64 20 48 61
0x7ce56664:   74 20 34 2e 33 2e 30 2d 38 29 00 00 47 43 43 3a 

Register to memory mapping:

EAX=0xb691ad28 is pointing into the stack for thread: 0xb6707000
EBX=0x7ce56200: <offset 0x14200> in /usr/lib/jvm/jdk1.7.0/jre/lib/i386/libnet.so at 0x7ce42000
ECX=0xb691ad2d is pointing into the stack for thread: 0xb6707000
EDX=0x7ce54d08: <offset 0x12d08> in /usr/lib/jvm/jdk1.7.0/jre/lib/i386/libnet.so at 0x7ce42000
ESP=0xb691ac74 is pointing into the stack for thread: 0xb6707000
EBP=0xb691add8 is pointing into the stack for thread: 0xb6707000
ESI=0xb691ad50 is pointing into the stack for thread: 0xb6707000
EDI=0x7c5a5b08 is an unknown value


Stack: [0xb68cb000,0xb691c000],  sp=0xb691ac74,  free space=319k
Native frames: (J=compiled Java code, j=interpreted, Vv=VM code, C=native code)
C  [libnet.so+0x14654]  _fini+0x1d0c
C  [libnet.so+0x58b0]  Java_java_net_NetworkInterface_getAll+0x10
j  java.net.NetworkInterface.getAll()[Ljava/net/NetworkInterface;+0
j  java.net.NetworkInterface.getNetworkInterfaces()Ljava/util/Enumeration;+0
j  net.floodlightcontroller.linkdiscovery.internal.LinkDiscoveryManager.setControllerTLV()V+20
j  net.floodlightcontroller.linkdiscovery.internal.LinkDiscoveryManager.startUp(Lnet/floodlightcontroller/core/module/FloodlightModuleContext;)V+378
j  net.floodlightcontroller.core.module.FloodlightModuleLoader.startupModules(Ljava/util/Collection;)V+104
j  net.floodlightcontroller.core.module.FloodlightModuleLoader.loadModulesFromList(Ljava/util/Collection;Ljava/util/Properties;Ljava/util/Collection;)Lnet/floodlightcontroller/core/module/IFloodlightModuleContext;+787
j  net.floodlightcontroller.core.module.FloodlightModuleLoader.loadModulesFromList(Ljava/util/Collection;Ljava/util/Properties;)Lnet/floodlightcontroller/core/module/IFloodlightModuleContext;+4
j  net.floodlightcontroller.core.module.FloodlightModuleLoader.loadModulesFromConfig(Ljava/lang/String;)Lnet/floodlightcontroller/core/module/IFloodlightModuleContext;+91
j  net.floodlightcontroller.core.Main.main([Ljava/lang/String;)V+58
v  ~StubRoutines::call_stub
V  [libjvm.so+0x412f65]  JavaCalls::call_helper(JavaValue*, methodHandle*, JavaCallArguments*, Thread*)+0x315
V  [libjvm.so+0x5d9f79]  os::os_exception_wrapper(void (*)(JavaValue*, methodHandle*, JavaCallArguments*, Thread*), JavaValue*, methodHandle*, JavaCallArguments*, Thread*)+0x19
V  [libjvm.so+0x411d7f]  JavaCalls::call(JavaValue*, methodHandle, JavaCallArguments*, Thread*)+0x2f
V  [libjvm.so+0x42582a]  jni_invoke_static(JNIEnv_*, JavaValue*, _jobject*, JNICallType, _jmethodID*, JNI_ArgumentPusher*, Thread*)+0x23a
V  [libjvm.so+0x43009b]  jni_CallStaticVoidMethod+0xbb
C  [libjli.so+0x2e8d]  JavaMain+0x8bd
C  [libpthread.so.0+0x6d4c]  start_thread+0xcc

Java frames: (J=compiled Java code, j=interpreted, Vv=VM code)
j  java.net.NetworkInterface.getAll()[Ljava/net/NetworkInterface;+0
j  java.net.NetworkInterface.getNetworkInterfaces()Ljava/util/Enumeration;+0
j  net.floodlightcontroller.linkdiscovery.internal.LinkDiscoveryManager.setControllerTLV()V+20
j  net.floodlightcontroller.linkdiscovery.internal.LinkDiscoveryManager.startUp(Lnet/floodlightcontroller/core/module/FloodlightModuleContext;)V+378
j  net.floodlightcontroller.core.module.FloodlightModuleLoader.startupModules(Ljava/util/Collection;)V+104
j  net.floodlightcontroller.core.module.FloodlightModuleLoader.loadModulesFromList(Ljava/util/Collection;Ljava/util/Properties;Ljava/util/Collection;)Lnet/floodlightcontroller/core/module/IFloodlightModuleContext;+787
j  net.floodlightcontroller.core.module.FloodlightModuleLoader.loadModulesFromList(Ljava/util/Collection;Ljava/util/Properties;)Lnet/floodlightcontroller/core/module/IFloodlightModuleContext;+4
j  net.floodlightcontroller.core.module.FloodlightModuleLoader.loadModulesFromConfig(Ljava/lang/String;)Lnet/floodlightcontroller/core/module/IFloodlightModuleContext;+91
j  net.floodlightcontroller.core.Main.main([Ljava/lang/String;)V+58
v  ~StubRoutines::call_stub

---------------  P R O C E S S  ---------------

Java Threads: ( => current thread )
  0x7c5a3c00 JavaThread "Topology Updates" [_thread_blocked, id=11424, stack(0x7c45e000,0x7c4af000)]
  0x7c5a2400 JavaThread "Scheduled-3" [_thread_blocked, id=11423, stack(0x7c4af000,0x7c500000)]
  0x7c5a1800 JavaThread "Scheduled-2" [_thread_blocked, id=11422, stack(0x7c60d000,0x7c65e000)]
  0x7c59e000 JavaThread "Scheduled-1" [_thread_blocked, id=11421, stack(0x7c65e000,0x7c6af000)]
  0x7c59d000 JavaThread "Scheduled-0" [_thread_blocked, id=11420, stack(0x7c84c000,0x7c89d000)]
  0x7c717800 JavaThread "derby.rawStoreDaemon" daemon [_thread_blocked, id=11419, stack(0x7c89d000,0x7c8ee000)]
  0x7ca69800 JavaThread "Timer-0" daemon [_thread_blocked, id=11418, stack(0x7c6af000,0x7c700000)]
  0x7ca0a400 JavaThread "process reaper" daemon [_thread_blocked, id=11416, stack(0x7c8ee000,0x7c8ff000)]
  0x7d578400 JavaThread "Service Thread" daemon [_thread_blocked, id=11413, stack(0x7d08a000,0x7d0db000)]
  0x7d576800 JavaThread "C2 CompilerThread1" daemon [_thread_blocked, id=11412, stack(0x7d0db000,0x7d15c000)]
  0x7d574800 JavaThread "C2 CompilerThread0" daemon [_thread_blocked, id=11411, stack(0x7d15c000,0x7d1dd000)]
  0x7d572c00 JavaThread "Signal Dispatcher" daemon [_thread_blocked, id=11410, stack(0x7fb2e000,0x7fb7f000)]
  0x7d538000 JavaThread "Finalizer" daemon [_thread_blocked, id=11409, stack(0x7d3dd000,0x7d42e000)]
  0x7d536400 JavaThread "Reference Handler" daemon [_thread_blocked, id=11408, stack(0x7d42e000,0x7d47f000)]
=>0xb6707000 JavaThread "main" [_thread_in_native, id=11400, stack(0xb68cb000,0xb691c000)]

Other Threads:
  0x7d530c00 VMThread [stack: 0x7d47f000,0x7d500000] [id=11407]
  0x7d57a000 WatcherThread [stack: 0x7d009000,0x7d08a000] [id=11414]

VM state:not at safepoint (normal execution)

VM Mutex/Monitor currently owned by a thread: None

Heap
 PSYoungGen      total 26304K, used 10327K [0xa39a0000, 0xa6d00000, 0xb3640000)
  eden space 24320K, 34% used [0xa39a0000,0xa41c9118,0xa5160000)
  from space 1984K, 99% used [0xa5160000,0xa534cbb0,0xa5350000)
  to   space 1984K, 0% used [0xa6b10000,0xa6b10000,0xa6d00000)
 ParOldGen       total 32320K, used 5376K [0x84040000, 0x85fd0000, 0xa39a0000)
  object space 32320K, 16% used [0x84040000,0x845803e8,0x85fd0000)
 PSPermGen       total 16384K, used 13632K [0x80040000, 0x81040000, 0x84040000)
  object space 16384K, 83% used [0x80040000,0x80d90068,0x81040000)

Card table byte_map: [0x7fea4000,0x80040000] byte_map_base: 0x7faa3e00

Polling page: 0xb775b000

Code Cache  [0xb3700000, 0xb3940000, 0xb6700000)
 total_blobs=310 nmethods=103 adapters=159 free_code_cache=48598Kb largest_free_block=49744640

Compilation events (10 events):
Event: 2.630 Thread 0x7d576800   99             java.lang.StringBuilder::append (8 bytes)
Event: 2.633 Thread 0x7d576800 nmethod 99 0xb3787088 code [0xb37871a0, 0xb3787470]
Event: 2.633 Thread 0x7d576800  100             java.lang.CharacterData::of (120 bytes)
Event: 2.634 Thread 0x7d576800 nmethod 100 0xb3786e08 code [0xb3786f00, 0xb3786fd0]
Event: 2.672 Thread 0x7d574800  101             java.lang.reflect.Method::getName (5 bytes)
Event: 2.672 Thread 0x7d574800 nmethod 101 0xb378c088 code [0xb378c160, 0xb378c1b0]
Event: 2.679 Thread 0x7d574800  102             java.lang.System::getSecurityManager (4 bytes)
Event: 2.680 Thread 0x7d574800 nmethod 102 0xb3786cc8 code [0xb3786da0, 0xb3786dd0]
Event: 2.680 Thread 0x7d574800  103             sun.reflect.generics.parser.SignatureParser::advance (37 bytes)
Event: 2.680 Thread 0x7d574800 nmethod 103 0xb3786b48 code [0xb3786c20, 0xb3786c70]

GC Heap History (6 events):
Event: 0.732 GC heap before
{Heap before GC invocations=1 (full 0):
 PSYoungGen      total 14144K, used 12154K [0xa39a0000, 0xa4960000, 0xb3640000)
  eden space 12160K, 99% used [0xa39a0000,0xa457e870,0xa4580000)
  from space 1984K, 0% used [0xa4770000,0xa4770000,0xa4960000)
  to   space 1984K, 0% used [0xa4580000,0xa4580000,0xa4770000)
 ParOldGen       total 32320K, used 0K [0x84040000, 0x85fd0000, 0xa39a0000)
  object space 32320K, 0% used [0x84040000,0x84040000,0x85fd0000)
 PSPermGen       total 16384K, used 5039K [0x80040000, 0x81040000, 0x84040000)
  object space 16384K, 30% used [0x80040000,0x8052bde0,0x81040000)
Event: 0.749 GC heap after
Heap after GC invocations=1 (full 0):
 PSYoungGen      total 14144K, used 1980K [0xa39a0000, 0xa5540000, 0xb3640000)
  eden space 12160K, 0% used [0xa39a0000,0xa39a0000,0xa4580000)
  from space 1984K, 99% used [0xa4580000,0xa476f048,0xa4770000)
  to   space 1984K, 0% used [0xa5350000,0xa5350000,0xa5540000)
 ParOldGen       total 32320K, used 434K [0x84040000, 0x85fd0000, 0xa39a0000)
  object space 32320K, 1% used [0x84040000,0x840ac958,0x85fd0000)
 PSPermGen       total 16384K, used 5039K [0x80040000, 0x81040000, 0x84040000)
  object space 16384K, 30% used [0x80040000,0x8052bde0,0x81040000)
}
Event: 1.199 GC heap before
{Heap before GC invocations=2 (full 0):
 PSYoungGen      total 14144K, used 14131K [0xa39a0000, 0xa5540000, 0xb3640000)
  eden space 12160K, 99% used [0xa39a0000,0xa457ddf0,0xa4580000)
  from space 1984K, 99% used [0xa4580000,0xa476f048,0xa4770000)
  to   space 1984K, 0% used [0xa5350000,0xa5350000,0xa5540000)
 ParOldGen       total 32320K, used 434K [0x84040000, 0x85fd0000, 0xa39a0000)
  object space 32320K, 1% used [0x84040000,0x840ac958,0x85fd0000)
 PSPermGen       total 16384K, used 6884K [0x80040000, 0x81040000, 0x84040000)
  object space 16384K, 42% used [0x80040000,0x806f9310,0x81040000)
Event: 1.203 GC heap after
Heap after GC invocations=2 (full 0):
 PSYoungGen      total 26304K, used 1973K [0xa39a0000, 0xa5540000, 0xb3640000)
  eden space 24320K, 0% used [0xa39a0000,0xa39a0000,0xa5160000)
  from space 1984K, 99% used [0xa5350000,0xa553d7e8,0xa5540000)
  to   space 1984K, 0% used [0xa5160000,0xa5160000,0xa5350000)
 ParOldGen       total 32320K, used 1473K [0x84040000, 0x85fd0000, 0xa39a0000)
  object space 32320K, 4% used [0x84040000,0x841b0698,0x85fd0000)
 PSPermGen       total 16384K, used 6884K [0x80040000, 0x81040000, 0x84040000)
  object space 16384K, 42% used [0x80040000,0x806f9310,0x81040000)
}
Event: 2.319 GC heap before
{Heap before GC invocations=3 (full 0):
 PSYoungGen      total 26304K, used 26293K [0xa39a0000, 0xa5540000, 0xb3640000)
  eden space 24320K, 100% used [0xa39a0000,0xa5160000,0xa5160000)
  from space 1984K, 99% used [0xa5350000,0xa553d7e8,0xa5540000)
  to   space 1984K, 0% used [0xa5160000,0xa5160000,0xa5350000)
 ParOldGen       total 32320K, used 1473K [0x84040000, 0x85fd0000, 0xa39a0000)
  object space 32320K, 4% used [0x84040000,0x841b0698,0x85fd0000)
 PSPermGen       total 16384K, used 12138K [0x80040000, 0x81040000, 0x84040000)
  object space 16384K, 74% used [0x80040000,0x80c1a998,0x81040000)
Event: 2.362 GC heap after
Heap after GC invocations=3 (full 0):
 PSYoungGen      total 26304K, used 1970K [0xa39a0000, 0xa6d00000, 0xb3640000)
  eden space 24320K, 0% used [0xa39a0000,0xa39a0000,0xa5160000)
  from space 1984K, 99% used [0xa5160000,0xa534cbb0,0xa5350000)
  to   space 1984K, 0% used [0xa6b10000,0xa6b10000,0xa6d00000)
 ParOldGen       total 32320K, used 5376K [0x84040000, 0x85fd0000, 0xa39a0000)
  object space 32320K, 16% used [0x84040000,0x845803e8,0x85fd0000)
 PSPermGen       total 16384K, used 12138K [0x80040000, 0x81040000, 0x84040000)
  object space 16384K, 74% used [0x80040000,0x80c1a998,0x81040000)
}

Deoptimization events (10 events):
Event: 1.407 Thread 0xb6707000 Uncommon trap -34 fr.pc 0xb374a608
Event: 1.407 Thread 0xb6707000 Uncommon trap -34 fr.pc 0xb374a608
Event: 1.410 Thread 0xb6707000 Uncommon trap -83 fr.pc 0xb3759520
Event: 1.415 Thread 0xb6707000 Uncommon trap -34 fr.pc 0xb374a608
Event: 1.415 Thread 0xb6707000 Uncommon trap -34 fr.pc 0xb374a608
Event: 1.828 Thread 0xb6707000 Uncommon trap -34 fr.pc 0xb37571b4
Event: 1.837 Thread 0xb6707000 Uncommon trap -34 fr.pc 0xb37571b4
Event: 1.847 Thread 0xb6707000 Uncommon trap -83 fr.pc 0xb37509d8
Event: 2.228 Thread 0xb6707000 Uncommon trap 45 fr.pc 0xb37518d4
Event: 2.611 Thread 0xb6707000 Uncommon trap -83 fr.pc 0xb375f888

Internal exceptions (10 events):
Event: 2.669 Thread 0xb6707000 Threw 0xa40a3728 at /HUDSON/workspace/jdk7u21-2-build-linux-i586-product/jdk7u21/hotspot/src/share/vm/prims/jvm.cpp:1166
Event: 2.669 Thread 0xb6707000 Threw 0xa40a8550 at /HUDSON/workspace/jdk7u21-2-build-linux-i586-product/jdk7u21/hotspot/src/share/vm/prims/jvm.cpp:1166
Event: 2.670 Thread 0xb6707000 Threw 0xa40aae90 at /HUDSON/workspace/jdk7u21-2-build-linux-i586-product/jdk7u21/hotspot/src/share/vm/prims/jvm.cpp:1166
Event: 2.670 Thread 0xb6707000 Threw 0xa40af2f8 at /HUDSON/workspace/jdk7u21-2-build-linux-i586-product/jdk7u21/hotspot/src/share/vm/prims/jvm.cpp:1166
Event: 2.671 Thread 0xb6707000 Threw 0xa40bf4b8 at /HUDSON/workspace/jdk7u21-2-build-linux-i586-product/jdk7u21/hotspot/src/share/vm/prims/jvm.cpp:1166
Event: 2.683 Thread 0xb6707000 Threw 0xa4166fa8 at /HUDSON/workspace/jdk7u21-2-build-linux-i586-product/jdk7u21/hotspot/src/share/vm/prims/jvm.cpp:1166
Event: 2.684 Thread 0xb6707000 Threw 0xa416b530 at /HUDSON/workspace/jdk7u21-2-build-linux-i586-product/jdk7u21/hotspot/src/share/vm/prims/jvm.cpp:1166
Event: 2.685 Thread 0xb6707000 Threw 0xa416e590 at /HUDSON/workspace/jdk7u21-2-build-linux-i586-product/jdk7u21/hotspot/src/share/vm/prims/jvm.cpp:1166
Event: 2.685 Thread 0xb6707000 Threw 0xa41711a0 at /HUDSON/workspace/jdk7u21-2-build-linux-i586-product/jdk7u21/hotspot/src/share/vm/prims/jvm.cpp:1166
Event: 2.686 Thread 0xb6707000 Threw 0xa4173fa0 at /HUDSON/workspace/jdk7u21-2-build-linux-i586-product/jdk7u21/hotspot/src/share/vm/prims/jvm.cpp:1166

Events (10 events):
Event: 2.685 loading class 0x7cba97a0 done
Event: 2.686 Thread 0x7c5a3c00 Thread added: 0x7c5a3c00
Event: 2.686 loading class 0x7cba9828
Event: 2.686 loading class 0x7cba9828 done
Event: 2.686 loading class 0x7cd2f430
Event: 2.686 loading class 0x7cd2f430 done
Event: 2.687 loading class 0x7c5a4c38
Event: 2.687 loading class 0x7c5a4c38 done
Event: 2.687 loading class 0x7c5a4c08
Event: 2.687 loading class 0x7c5a4c08 done


Dynamic libraries:
08048000-08049000 r-xp 00000000 08:01 407612     /usr/lib/jvm/jdk1.7.0/bin/java
08049000-0804a000 rw-p 00000000 08:01 407612     /usr/lib/jvm/jdk1.7.0/bin/java
09565000-09795000 rw-p 00000000 00:00 0          [heap]
7c12c000-7c300000 rw-p 00000000 00:00 0 
7c300000-7c3ff000 rw-p 00000000 00:00 0 
7c3ff000-7c400000 ---p 00000000 00:00 0 
7c45e000-7c461000 ---p 00000000 00:00 0 
7c461000-7c4af000 rw-p 00000000 00:00 0          [stack:11424]
7c4af000-7c4b2000 ---p 00000000 00:00 0 
7c4b2000-7c500000 rw-p 00000000 00:00 0          [stack:11423]
7c500000-7c600000 rw-p 00000000 00:00 0 
7c60d000-7c610000 ---p 00000000 00:00 0 
7c610000-7c65e000 rw-p 00000000 00:00 0          [stack:11422]
7c65e000-7c661000 ---p 00000000 00:00 0 
7c661000-7c6af000 rw-p 00000000 00:00 0          [stack:11421]
7c6af000-7c6b2000 ---p 00000000 00:00 0 
7c6b2000-7c700000 rw-p 00000000 00:00 0          [stack:11418]
7c700000-7c800000 rw-p 00000000 00:00 0 
7c84c000-7c84f000 ---p 00000000 00:00 0 
7c84f000-7c89d000 rw-p 00000000 00:00 0          [stack:11420]
7c89d000-7c8a0000 ---p 00000000 00:00 0 
7c8a0000-7c8ee000 rw-p 00000000 00:00 0          [stack:11419]
7c8ee000-7c8f1000 ---p 00000000 00:00 0 
7c8f1000-7c8ff000 rw-p 00000000 00:00 0          [stack:11416]
7c8ff000-7c900000 r--p 00000000 00:00 0 
7c900000-7c9f8000 rw-p 00000000 00:00 0 
7c9f8000-7ca00000 ---p 00000000 00:00 0 
7ca00000-7cb00000 rw-p 00000000 00:00 0 
7cb00000-7cbff000 rw-p 00000000 00:00 0 
7cbff000-7cc00000 ---p 00000000 00:00 0 
7cc00000-7cd00000 rw-p 00000000 00:00 0 
7cd00000-7ce00000 rw-p 00000000 00:00 0 
7ce2b000-7ce32000 r-xp 00000000 08:01 550258     /usr/lib/jvm/jdk1.7.0/jre/lib/i386/libmanagement.so
7ce32000-7ce33000 rw-p 00006000 08:01 550258     /usr/lib/jvm/jdk1.7.0/jre/lib/i386/libmanagement.so
7ce33000-7ce41000 r-xp 00000000 08:01 550272     /usr/lib/jvm/jdk1.7.0/jre/lib/i386/libnio.so
7ce41000-7ce42000 rw-p 0000e000 08:01 550272     /usr/lib/jvm/jdk1.7.0/jre/lib/i386/libnio.so
7ce42000-7ce56000 r-xp 00000000 08:01 550263     /usr/lib/jvm/jdk1.7.0/jre/lib/i386/libnet.so
7ce56000-7ce57000 rw-p 00014000 08:01 550263     /usr/lib/jvm/jdk1.7.0/jre/lib/i386/libnet.so
7ce57000-7ce61000 r--s 00254000 08:01 550209     /usr/lib/jvm/jdk1.7.0/jre/lib/resources.jar
7ce61000-7ce6b000 r--s 000b0000 08:01 417119     /home/student/floodlight/lib/org.restlet-2.2M3.jar
7ce6b000-7cf00000 r--s 0093a000 08:01 416307     /home/student/floodlight/lib/jython-2.5.2.jar
7cf00000-7cffb000 rw-p 00000000 00:00 0 
7cffb000-7d000000 ---p 00000000 00:00 0 
7d000000-7d005000 rw-p 00000000 00:00 0 
7d005000-7d007000 r--s 00019000 08:01 550512     /usr/lib/jvm/jdk1.7.0/jre/lib/jce.jar
7d007000-7d009000 r--s 00005000 08:01 416321     /home/student/floodlight/lib/slf4j-api-1.6.4.jar
7d009000-7d00a000 ---p 00000000 00:00 0 
7d00a000-7d08a000 rw-p 00000000 00:00 0          [stack:11414]
7d08a000-7d08d000 ---p 00000000 00:00 0 
7d08d000-7d0db000 rw-p 00000000 00:00 0          [stack:11413]
7d0db000-7d0de000 ---p 00000000 00:00 0 
7d0de000-7d15c000 rw-p 00000000 00:00 0          [stack:11412]
7d15c000-7d15f000 ---p 00000000 00:00 0 
7d15f000-7d1dd000 rw-p 00000000 00:00 0          [stack:11411]
7d1dd000-7d3dd000 r--p 00000000 08:01 657751     /usr/lib/locale/locale-archive
7d3dd000-7d3e0000 ---p 00000000 00:00 0 
7d3e0000-7d42e000 rw-p 00000000 00:00 0          [stack:11409]
7d42e000-7d431000 ---p 00000000 00:00 0 
7d431000-7d47f000 rw-p 00000000 00:00 0          [stack:11408]
7d47f000-7d480000 ---p 00000000 00:00 0 
7d480000-7d500000 rw-p 00000000 00:00 0          [stack:11407]
7d500000-7d5ff000 rw-p 00000000 00:00 0 
7d5ff000-7d600000 ---p 00000000 00:00 0 
7d600000-7d606000 r--s 00035000 08:01 417121     /home/student/floodlight/lib/simple-5.1.1.jar
7d606000-7d615000 r--s 000b3000 08:01 416312     /home/student/floodlight/lib/netty-3.2.6.Final.jar
7d615000-7d61d000 r--s 00049000 08:01 416311     /home/student/floodlight/lib/logback-core-1.0.0.jar
7d61d000-7d623000 r--s 00034000 08:01 416306     /home/student/floodlight/lib/junit-4.8.2.jar
7d623000-7d62b000 r--s 0004e000 08:01 417117     /home/student/floodlight/lib/jackson-dataformat-yaml-2.1.4.jar
7d62b000-7d62d000 r--s 00012000 08:01 417135     /home/student/floodlight/lib/jackson-dataformat-xml-2.1.4.jar
7d62d000-7d62e000 r--s 00010000 08:01 417127     /home/student/floodlight/lib/jackson-dataformat-smile-2.1.4.jar
7d62e000-7d630000 r--s 00011000 08:01 417113     /home/student/floodlight/lib/jackson-dataformat-csv-2.1.4.jar
7d630000-7d641000 r--s 000d2000 08:01 417124     /home/student/floodlight/lib/jackson-databind-2.1.4.jar
7d641000-7d68c000 rw-p 00000000 00:00 0 
7d68c000-7d849000 r--s 039de000 08:01 549726     /usr/lib/jvm/jdk1.7.0/jre/lib/rt.jar
7d849000-7fa00000 rw-p 00000000 00:00 0 
7fa00000-7fafa000 rw-p 00000000 00:00 0 
7fafa000-7fb00000 ---p 00000000 00:00 0 
7fb00000-7fb03000 r--s 00019000 08:01 416314     /home/student/floodlight/lib/org.easymock-3.1.jar
7fb03000-7fb0a000 r--s 0004e000 08:01 417133     /home/student/floodlight/lib/libthrift-0.9.0.jar
7fb0a000-7fb2e000 r--s 001aa000 08:01 416303     /home/student/floodlight/lib/guava-13.0.1.jar
7fb2e000-7fb31000 ---p 00000000 00:00 0 
7fb31000-7fb7f000 rw-p 00000000 00:00 0          [stack:11410]
7fb7f000-7fb80000 ---p 00000000 00:00 0 
7fb80000-7fc00000 rw-p 00000000 00:00 0          [stack:11405]
7fc00000-7fc21000 rw-p 00000000 00:00 0 
7fc21000-7fd00000 ---p 00000000 00:00 0 
7fd00000-7fd06000 r--s 00037000 08:01 416310     /home/student/floodlight/lib/logback-classic-1.0.0.jar
7fd06000-7fd07000 ---p 00000000 00:00 0 
7fd07000-7fd8f000 rw-p 00000000 00:00 0          [stack:11402]
7fd8f000-7fda7000 rw-p 00000000 00:00 0 
7fda7000-7fdb7000 rw-p 00000000 00:00 0 
7fdb7000-7fea4000 rw-p 00000000 00:00 0 
7fea4000-7feac000 rw-p 00000000 00:00 0 
7feac000-7fec4000 rw-p 00000000 00:00 0 
7fec4000-7fed4000 rw-p 00000000 00:00 0 
7fed4000-7ffc0000 rw-p 00000000 00:00 0 
7ffc0000-7ffdb000 rw-p 00000000 00:00 0 
7ffdb000-8003f000 rw-p 00000000 00:00 0 
8003f000-81040000 rw-p 00000000 00:00 0 
81040000-84040000 rw-p 00000000 00:00 0 
84040000-85fd0000 rw-p 00000000 00:00 0 
85fd0000-a39a0000 rw-p 00000000 00:00 0 
a39a0000-a6d00000 rw-p 00000000 00:00 0 
a6d00000-b3640000 rw-p 00000000 00:00 0 
b3640000-b3649000 rw-p 00000000 00:00 0 
b3649000-b3700000 rw-p 00000000 00:00 0 
b3700000-b3940000 rwxp 00000000 00:00 0 
b3940000-b67f8000 rw-p 00000000 00:00 0 
b67f8000-b6800000 ---p 00000000 00:00 0 
b6800000-b6801000 r--s 00000000 08:01 416318     /home/student/floodlight/lib/org.restlet.ext.slf4j-2.2M3.jar
b6801000-b6802000 r--s 00002000 08:01 417134     /home/student/floodlight/lib/org.restlet.ext.simple-2.2M3.jar
b6802000-b6804000 r--s 00007000 08:01 416313     /home/student/floodlight/lib/objenesis-1.2.jar
b6804000-b6808000 r--s 0002f000 08:01 417146     /home/student/floodlight/lib/jackson-core-2.1.4.jar
b6808000-b680a000 r--s 00007000 08:01 417128     /home/student/floodlight/lib/jackson-annotations-2.1.4.jar
b680a000-b680c000 r--s 00006000 08:01 416298     /home/student/floodlight/lib/findbugs-jsr305-2.0.1.jar
b680c000-b6810000 r--s 0000f000 08:01 416297     /home/student/floodlight/lib/findbugs-annotations-2.0.1.jar
b6810000-b6839000 r--s 0026c000 08:01 417138     /home/student/floodlight/lib/derby-10.9.1.0.jar
b6839000-b6850000 r-xp 00000000 08:01 550286     /usr/lib/jvm/jdk1.7.0/jre/lib/i386/libzip.so
b6850000-b6851000 rw-p 00017000 08:01 550286     /usr/lib/jvm/jdk1.7.0/jre/lib/i386/libzip.so
b6851000-b685c000 r-xp 00000000 08:01 260195     /lib/i386-linux-gnu/libnss_files-2.15.so
b685c000-b685d000 r--p 0000a000 08:01 260195     /lib/i386-linux-gnu/libnss_files-2.15.so
b685d000-b685e000 rw-p 0000b000 08:01 260195     /lib/i386-linux-gnu/libnss_files-2.15.so
b685e000-b6868000 r-xp 00000000 08:01 260203     /lib/i386-linux-gnu/libnss_nis-2.15.so
b6868000-b6869000 r--p 00009000 08:01 260203     /lib/i386-linux-gnu/libnss_nis-2.15.so
b6869000-b686a000 rw-p 0000a000 08:01 260203     /lib/i386-linux-gnu/libnss_nis-2.15.so
b686a000-b6880000 r-xp 00000000 08:01 260147     /lib/i386-linux-gnu/libnsl-2.15.so
b6880000-b6881000 r--p 00015000 08:01 260147     /lib/i386-linux-gnu/libnsl-2.15.so
b6881000-b6882000 rw-p 00016000 08:01 260147     /lib/i386-linux-gnu/libnsl-2.15.so
b6882000-b6884000 rw-p 00000000 00:00 0 
b6884000-b688b000 r-xp 00000000 08:01 260198     /lib/i386-linux-gnu/libnss_compat-2.15.so
b688b000-b688c000 r--p 00006000 08:01 260198     /lib/i386-linux-gnu/libnss_compat-2.15.so
b688c000-b688d000 rw-p 00007000 08:01 260198     /lib/i386-linux-gnu/libnss_compat-2.15.so
b688d000-b6890000 r--s 0000b000 08:01 416296     /home/student/floodlight/lib/concurrentlinkedhashmap-lru-1.2.jar
b6890000-b6896000 r--s 0004a000 08:01 416294     /home/student/floodlight/lib/cglib-nodep-2.2.2.jar
b6896000-b689e000 rw-s 00000000 08:01 12823      /tmp/hsperfdata_student/11399
b689e000-b68c1000 r-xp 00000000 08:01 550248     /usr/lib/jvm/jdk1.7.0/jre/lib/i386/libjava.so
b68c1000-b68c2000 rw-p 00023000 08:01 550248     /usr/lib/jvm/jdk1.7.0/jre/lib/i386/libjava.so
b68c2000-b68c9000 r-xp 00000000 08:01 260202     /lib/i386-linux-gnu/librt-2.15.so
b68c9000-b68ca000 r--p 00006000 08:01 260202     /lib/i386-linux-gnu/librt-2.15.so
b68ca000-b68cb000 rw-p 00007000 08:01 260202     /lib/i386-linux-gnu/librt-2.15.so
b68cb000-b68ce000 ---p 00000000 00:00 0 
b68ce000-b691c000 rw-p 00000000 00:00 0          [stack:11400]
b691c000-b6946000 r-xp 00000000 08:01 260197     /lib/i386-linux-gnu/libm-2.15.so
b6946000-b6947000 r--p 00029000 08:01 260197     /lib/i386-linux-gnu/libm-2.15.so
b6947000-b6948000 rw-p 0002a000 08:01 260197     /lib/i386-linux-gnu/libm-2.15.so
b6948000-b7103000 r-xp 00000000 08:01 550285     /usr/lib/jvm/jdk1.7.0/jre/lib/i386/server/libjvm.so
b7103000-b7155000 rw-p 007bb000 08:01 550285     /usr/lib/jvm/jdk1.7.0/jre/lib/i386/server/libjvm.so
b7155000-b7578000 rw-p 00000000 00:00 0 
b7578000-b771b000 r-xp 00000000 08:01 260182     /lib/i386-linux-gnu/libc-2.15.so
b771b000-b771c000 ---p 001a3000 08:01 260182     /lib/i386-linux-gnu/libc-2.15.so
b771c000-b771e000 r--p 001a3000 08:01 260182     /lib/i386-linux-gnu/libc-2.15.so
b771e000-b771f000 rw-p 001a5000 08:01 260182     /lib/i386-linux-gnu/libc-2.15.so
b771f000-b7722000 rw-p 00000000 00:00 0 
b7722000-b7725000 r-xp 00000000 08:01 260189     /lib/i386-linux-gnu/libdl-2.15.so
b7725000-b7726000 r--p 00002000 08:01 260189     /lib/i386-linux-gnu/libdl-2.15.so
b7726000-b7727000 rw-p 00003000 08:01 260189     /lib/i386-linux-gnu/libdl-2.15.so
b7727000-b773a000 r-xp 00000000 08:01 550252     /usr/lib/jvm/jdk1.7.0/jre/lib/i386/jli/libjli.so
b773a000-b773b000 rw-p 00012000 08:01 550252     /usr/lib/jvm/jdk1.7.0/jre/lib/i386/jli/libjli.so
b773b000-b773c000 rw-p 00000000 00:00 0 
b773c000-b7753000 r-xp 00000000 08:01 260196     /lib/i386-linux-gnu/libpthread-2.15.so
b7753000-b7754000 r--p 00016000 08:01 260196     /lib/i386-linux-gnu/libpthread-2.15.so
b7754000-b7755000 rw-p 00017000 08:01 260196     /lib/i386-linux-gnu/libpthread-2.15.so
b7755000-b7757000 rw-p 00000000 00:00 0 
b7757000-b7758000 r--s 00001000 08:01 417136     /home/student/floodlight/lib/org.restlet.ext.jackson-2.2M3.jar
b7758000-b775a000 r--s 0000c000 08:01 416291     /home/student/floodlight/lib/args4j-2.0.16.jar
b775a000-b775b000 rw-p 00000000 00:00 0 
b775b000-b775c000 r--p 00000000 00:00 0 
b775c000-b7767000 r-xp 00000000 08:01 550230     /usr/lib/jvm/jdk1.7.0/jre/lib/i386/libverify.so
b7767000-b7768000 rw-p 0000b000 08:01 550230     /usr/lib/jvm/jdk1.7.0/jre/lib/i386/libverify.so
b7768000-b776a000 rw-p 00000000 00:00 0 
b776a000-b776b000 r-xp 00000000 00:00 0          [vdso]
b776b000-b778b000 r-xp 00000000 08:01 260201     /lib/i386-linux-gnu/ld-2.15.so
b778b000-b778c000 r--p 0001f000 08:01 260201     /lib/i386-linux-gnu/ld-2.15.so
b778c000-b778d000 rw-p 00020000 08:01 260201     /lib/i386-linux-gnu/ld-2.15.so
bffcc000-bffed000 rw-p 00000000 00:00 0          [stack]

VM Arguments:
jvm_args: -Dlogback.configurationFile=logback.xml -Dfile.encoding=UTF-8 
java_command: net.floodlightcontroller.core.Main
Launcher Type: SUN_STANDARD

Environment Variables:
PATH=/usr/lib/lightdm/lightdm:/usr/local/sbin:/usr/local/bin:/usr/sbin:/usr/bin:/sbin:/bin:/usr/games:/usr/local/games
LD_LIBRARY_PATH=/usr/lib/jvm/jdk1.7.0/jre/lib/i386/server:/usr/lib/jvm/jdk1.7.0/jre/lib/i386:/usr/lib/jvm/jdk1.7.0/jre/../lib/i386:/usr/lib/jvm/jdk1.7.0/jre/lib/i386/client:/usr/lib/jvm/jdk1.7.0/jre/lib/i386:
SHELL=/bin/bash
DISPLAY=:0.0

Signal Handlers:
SIGSEGV: [libjvm.so+0x722ea0], sa_mask[0]=0x7ffbfeff, sa_flags=0x10000004
SIGBUS: [libjvm.so+0x722ea0], sa_mask[0]=0x7ffbfeff, sa_flags=0x10000004
SIGFPE: [libjvm.so+0x5dbc80], sa_mask[0]=0x7ffbfeff, sa_flags=0x10000004
SIGPIPE: [libjvm.so+0x5dbc80], sa_mask[0]=0x7ffbfeff, sa_flags=0x10000004
SIGXFSZ: [libjvm.so+0x5dbc80], sa_mask[0]=0x7ffbfeff, sa_flags=0x10000004
SIGILL: [libjvm.so+0x5dbc80], sa_mask[0]=0x7ffbfeff, sa_flags=0x10000004
SIGUSR1: SIG_DFL, sa_mask[0]=0x00000000, sa_flags=0x00000000
SIGUSR2: [libjvm.so+0x5db560], sa_mask[0]=0x00000004, sa_flags=0x10000004
SIGHUP: [libjvm.so+0x5ddb50], sa_mask[0]=0x7ffbfeff, sa_flags=0x10000004
SIGINT: [libjvm.so+0x5ddb50], sa_mask[0]=0x7ffbfeff, sa_flags=0x10000004
SIGTERM: [libjvm.so+0x5ddb50], sa_mask[0]=0x7ffbfeff, sa_flags=0x10000004
SIGQUIT: [libjvm.so+0x5ddb50], sa_mask[0]=0x7ffbfeff, sa_flags=0x10000004


---------------  S Y S T E M  ---------------

OS:wheezy/sid

uname:Linux 3.5.0-32-generic #53-Ubuntu SMP Wed May 29 20:22:58 UTC 2013 i686
libc:glibc 2.15 NPTL 2.15 
rlimit: STACK 8192k, CORE 0k, NPROC 24101, NOFILE 4096, AS infinity
load average:1.54 0.56 0.32

/proc/meminfo:
MemTotal:        3100596 kB
MemFree:         1256236 kB
Buffers:          109400 kB
Cached:           552980 kB
SwapCached:            0 kB
Active:          1290348 kB
Inactive:         398404 kB
Active(anon):    1037364 kB
Inactive(anon):     4532 kB
Active(file):     252984 kB
Inactive(file):   393872 kB
Unevictable:       38420 kB
Mlocked:           38420 kB
HighTotal:       2229192 kB
HighFree:         592516 kB
LowTotal:         871404 kB
LowFree:          663720 kB
SwapTotal:       1603580 kB
SwapFree:        1603580 kB
Dirty:               428 kB
Writeback:             0 kB
AnonPages:       1064776 kB
Mapped:           107068 kB
Shmem:              6760 kB
Slab:              79084 kB
SReclaimable:      44656 kB
SUnreclaim:        34428 kB
KernelStack:        5376 kB
PageTables:        14340 kB
NFS_Unstable:          0 kB
Bounce:                0 kB
WritebackTmp:          0 kB
CommitLimit:     3153876 kB
Committed_AS:    2331984 kB
VmallocTotal:     122880 kB
VmallocUsed:       33728 kB
VmallocChunk:      86900 kB
HardwareCorrupted:     0 kB
AnonHugePages:         0 kB
HugePages_Total:       0
HugePages_Free:        0
HugePages_Rsvd:        0
HugePages_Surp:        0
Hugepagesize:       2048 kB
DirectMap4k:       12280 kB
DirectMap2M:      901120 kB


CPU:total 2 (2 cores per cpu, 1 threads per core) family 6 model 45 stepping 7, cmov, cx8, fxsr, mmx, sse, sse2, sse3, ssse3, tsc

/proc/cpuinfo:
processor	: 0
vendor_id	: GenuineIntel
cpu family	: 6
model		: 45
model name	: Intel(R) Xeon(R) CPU E5-1620 0 @ 3.60GHz
stepping	: 7
cpu MHz		: 3555.854
cache size	: 6144 KB
physical id	: 0
siblings	: 2
core id		: 0
cpu cores	: 2
apicid		: 0
initial apicid	: 0
fdiv_bug	: no
hlt_bug		: no
f00f_bug	: no
coma_bug	: no
fpu		: yes
fpu_exception	: yes
cpuid level	: 5
wp		: yes
flags		: fpu vme de pse tsc msr pae mce cx8 apic sep mtrr pge mca cmov pat pse36 clflush mmx fxsr sse sse2 ht syscall nx rdtscp lm constant_tsc pni ssse3 lahf_lm
bogomips	: 7111.70
clflush size	: 64
cache_alignment	: 64
address sizes	: 46 bits physical, 48 bits virtual
power management:

processor	: 1
vendor_id	: GenuineIntel
cpu family	: 6
model		: 45
model name	: Intel(R) Xeon(R) CPU E5-1620 0 @ 3.60GHz
stepping	: 7
cpu MHz		: 3555.854
cache size	: 6144 KB
physical id	: 0
siblings	: 2
core id		: 1
cpu cores	: 2
apicid		: 1
initial apicid	: 1
fdiv_bug	: no
hlt_bug		: no
f00f_bug	: no
coma_bug	: no
fpu		: yes
fpu_exception	: yes
cpuid level	: 5
wp		: yes
flags		: fpu vme de pse tsc msr pae mce cx8 apic sep mtrr pge mca cmov pat pse36 clflush mmx fxsr sse sse2 ht syscall nx rdtscp lm constant_tsc pni ssse3 lahf_lm
bogomips	: 7111.70
clflush size	: 64
cache_alignment	: 64
address sizes	: 46 bits physical, 48 bits virtual
power management:



Memory: 4k page, physical 3100596k(1256236k free), swap 1603580k(1603580k free)

vm_info: Java HotSpot(TM) Server VM (23.21-b01) for linux-x86 JRE (1.7.0_21-b11), built on Apr  4 2013 04:20:11 by "java_re" with gcc 4.3.0 20080428 (Red Hat 4.3.0-8)

time: Mon Jul 22 07:53:37 2013
elapsed time: 2 seconds

